#
# There is insufficient memory for the Java Runtime Environment to continue.
# Native memory allocation (mmap) failed to map 33554432 bytes. Error detail: G1 virtual space
# Possible reasons:
#   The system is out of physical RAM or swap space
#   This process is running with CompressedOops enabled, and the Java Heap may be blocking the growth of the native heap
# Possible solutions:
#   Reduce memory load on the system
#   Increase physical memory or swap space
#   Check if swap backing store is full
#   Decrease Java heap size (-Xmx/-Xms)
#   Decrease number of Java threads
#   Decrease Java thread stack sizes (-Xss)
#   Set larger code cache with -XX:ReservedCodeCacheSize=
#   JVM is running with Unscaled Compressed Oops mode in which the Java heap is
#     placed in the first 4GB address space. The Java Heap base address is the
#     maximum limit for the native heap growth. Please use -XX:HeapBaseMinAddress
#     to set the Java Heap base and to place the Java Heap above 4GB virtual address.
# This output file may be truncated or incomplete.
#
#  Out of Memory Error (os_windows.cpp:3686), pid=23616, tid=10516
#
# JRE version: OpenJDK Runtime Environment Temurin-21.0.7+6 (21.0.7+6) (build 21.0.7+6-LTS)
# Java VM: OpenJDK 64-Bit Server VM Temurin-21.0.7+6 (21.0.7+6-LTS, mixed mode, sharing, tiered, compressed oops, compressed class ptrs, g1 gc, windows-amd64)
# No core dump will be written. Minidumps are not enabled by default on client versions of Windows
#

---------------  S U M M A R Y ------------

Command Line: org.jetbrains.kotlin.cli.jvm.K2JVMCompiler @C:\Users\Asus\AndroidStudioProjects\SmartFit\app\build\20260330_13620384091034810046.compiler.options

Host: AMD Ryzen 5 7520U with Radeon Graphics         , 8 cores, 7G,  Windows 11 , 64 bit Build 22621 (10.0.22621.5415)
Time: Mon Mar 30 01:11:08 2026 Nepal Standard Time elapsed time: 61.388331 seconds (0d 0h 1m 1s)

---------------  T H R E A D  ---------------

Current thread (0x000001c95cf9e0a0):  VMThread "VM Thread"          [id=10516, stack(0x00000018b9400000,0x00000018b9500000) (1024K)]

Stack: [0x00000018b9400000,0x00000018b9500000]
Native frames: (J=compiled Java code, j=interpreted, Vv=VM code, C=native code)
V  [jvm.dll+0x6ce119]
V  [jvm.dll+0x8a84a1]
V  [jvm.dll+0x8aa9ce]
V  [jvm.dll+0x8ab0b3]
V  [jvm.dll+0x27f8a6]
V  [jvm.dll+0x6ca945]
V  [jvm.dll+0x6bebea]
V  [jvm.dll+0x355eca]
V  [jvm.dll+0x35da96]
V  [jvm.dll+0x3af72e]
V  [jvm.dll+0x3af9d8]
V  [jvm.dll+0x32a05c]
V  [jvm.dll+0x32c8b6]
V  [jvm.dll+0x336aa8]
V  [jvm.dll+0x36bfcf]
V  [jvm.dll+0x8b0dcf]
V  [jvm.dll+0x8b2154]
V  [jvm.dll+0x8b2690]
V  [jvm.dll+0x8b2933]
V  [jvm.dll+0x851f6b]
V  [jvm.dll+0x6cc7dd]
C  [ucrtbase.dll+0x29333]
C  [KERNEL32.DLL+0x1259d]
C  [ntdll.dll+0x5af78]

VM_Operation (0x00000018b8fff570): G1PauseRemark, mode: safepoint, requested by thread 0x000001c94077ad30


---------------  P R O C E S S  ---------------

Threads class SMR info:
_java_thread_list=0x000001c9b2a04190, length=13, elements={
0x000001c93e4609b0, 0x000001c95cfb3ee0, 0x000001c95cfb6c00, 0x000001c95cfbac70,
0x000001c95cfbb6c0, 0x000001c95cfbc110, 0x000001c95cfbcb60, 0x000001c95cfbd8e0,
0x000001c95cfd2b60, 0x000001c9a2116620, 0x000001c9a2117250, 0x000001c9ad169b20,
0x000001c9ad16a8c0
}

Java Threads: ( => current thread )
  0x000001c93e4609b0 JavaThread "main"                              [_thread_blocked, id=18468, stack(0x00000018b8d00000,0x00000018b8e00000) (1024K)]
  0x000001c95cfb3ee0 JavaThread "Reference Handler"          daemon [_thread_blocked, id=2848, stack(0x00000018b9500000,0x00000018b9600000) (1024K)]
  0x000001c95cfb6c00 JavaThread "Finalizer"                  daemon [_thread_blocked, id=12856, stack(0x00000018b9600000,0x00000018b9700000) (1024K)]
  0x000001c95cfbac70 JavaThread "Signal Dispatcher"          daemon [_thread_blocked, id=16632, stack(0x00000018b9700000,0x00000018b9800000) (1024K)]
  0x000001c95cfbb6c0 JavaThread "Attach Listener"            daemon [_thread_blocked, id=22852, stack(0x00000018b9800000,0x00000018b9900000) (1024K)]
  0x000001c95cfbc110 JavaThread "Service Thread"             daemon [_thread_blocked, id=14812, stack(0x00000018b9900000,0x00000018b9a00000) (1024K)]
  0x000001c95cfbcb60 JavaThread "Monitor Deflation Thread"   daemon [_thread_blocked, id=2376, stack(0x00000018b9a00000,0x00000018b9b00000) (1024K)]
  0x000001c95cfbd8e0 JavaThread "C2 CompilerThread0"         daemon [_thread_blocked, id=24748, stack(0x00000018b9b00000,0x00000018b9c00000) (1024K)]
  0x000001c95cfd2b60 JavaThread "C1 CompilerThread0"         daemon [_thread_blocked, id=2300, stack(0x00000018b9c00000,0x00000018b9d00000) (1024K)]
  0x000001c9a2116620 JavaThread "Notification Thread"        daemon [_thread_blocked, id=11744, stack(0x00000018b9d00000,0x00000018b9e00000) (1024K)]
  0x000001c9a2117250 JavaThread "Common-Cleaner"             daemon [_thread_blocked, id=10456, stack(0x00000018b9e00000,0x00000018b9f00000) (1024K)]
  0x000001c9ad169b20 JavaThread "C2 CompilerThread1"         daemon [_thread_in_native, id=10036, stack(0x00000018ba600000,0x00000018ba700000) (1024K)]
  0x000001c9ad16a8c0 JavaThread "C2 CompilerThread2"         daemon [_thread_blocked, id=19552, stack(0x00000018ba800000,0x00000018ba900000) (1024K)]
Total: 13

Other Threads:
=>0x000001c95cf9e0a0 VMThread "VM Thread"                           [id=10516, stack(0x00000018b9400000,0x00000018b9500000) (1024K)]
  0x000001c95cf8b010 WatcherThread "VM Periodic Task Thread"        [id=19296, stack(0x00000018b9300000,0x00000018b9400000) (1024K)]
  0x000001c94076b450 WorkerThread "GC Thread#0"                     [id=1532, stack(0x00000018b8e00000,0x00000018b8f00000) (1024K)]
  0x000001c9a28210d0 WorkerThread "GC Thread#1"                     [id=26716, stack(0x00000018b9f00000,0x00000018ba000000) (1024K)]
  0x000001c9a2819b90 WorkerThread "GC Thread#2"                     [id=11328, stack(0x00000018ba000000,0x00000018ba100000) (1024K)]
  0x000001c9a2819f30 WorkerThread "GC Thread#3"                     [id=18500, stack(0x00000018ba100000,0x00000018ba200000) (1024K)]
  0x000001c9a281a2d0 WorkerThread "GC Thread#4"                     [id=3880, stack(0x00000018ba200000,0x00000018ba300000) (1024K)]
  0x000001c9a27ee120 WorkerThread "GC Thread#5"                     [id=16844, stack(0x00000018ba300000,0x00000018ba400000) (1024K)]
  0x000001c9a28b7610 WorkerThread "GC Thread#6"                     [id=23584, stack(0x00000018ba400000,0x00000018ba500000) (1024K)]
  0x000001c9a28b79b0 WorkerThread "GC Thread#7"                     [id=19704, stack(0x00000018ba500000,0x00000018ba600000) (1024K)]
  0x000001c94077ad30 ConcurrentGCThread "G1 Main Marker"            [id=476, stack(0x00000018b8f00000,0x00000018b9000000) (1024K)]
  0x000001c94077b830 WorkerThread "G1 Conc#0"                       [id=4852, stack(0x00000018b9000000,0x00000018b9100000) (1024K)]
  0x000001c9b2190b00 WorkerThread "G1 Conc#1"                       [id=2020, stack(0x00000018ba700000,0x00000018ba800000) (1024K)]
  0x000001c95ce55d40 ConcurrentGCThread "G1 Refine#0"               [id=4144, stack(0x00000018b9100000,0x00000018b9200000) (1024K)]
  0x000001c95ce566c0 ConcurrentGCThread "G1 Service"                [id=15552, stack(0x00000018b9200000,0x00000018b9300000) (1024K)]
Total: 15

Threads with active compile tasks:
C2 CompilerThread0  61426 23230       4       org.jetbrains.org.objectweb.asm.Frame::execute (2322 bytes)
C2 CompilerThread1  61426 23115 %     4       org.jetbrains.kotlin.codegen.optimization.temporaryVals.TemporaryValsAnalyzer::analyze @ 64 (1247 bytes)
C2 CompilerThread2  61426 23244       4       org.jetbrains.kotlin.backend.jvm.codegen.ClassCodegen$typeMapper$1::mapType (105 bytes)
Total: 3

VM state: at safepoint (normal execution)

VM Mutex/Monitor currently owned by a thread:  ([mutex/lock_event])
[0x00007ffb1f57e308] Threads_lock - owner thread: 0x000001c95cf9e0a0
[0x00007ffb1f57e408] Heap_lock - owner thread: 0x000001c94077ad30

Heap address: 0x000000008b800000, size: 1864 MB, Compressed Oops mode: 32-bit

CDS archive(s) mapped at: [0x000001c95d000000-0x000001c95dc80000-0x000001c95dc80000), size 13107200, SharedBaseAddress: 0x000001c95d000000, ArchiveRelocationMode: 1.
Compressed class space mapped at: 0x000001c95e000000-0x000001c99e000000, reserved size: 1073741824
Narrow klass base: 0x000001c95d000000, Narrow klass shift: 0, Narrow klass range: 0x100000000

GC Precious Log:
 CardTable entry size: 512
 Card Set container configuration: InlinePtr #cards 5 size 8 Array Of Cards #cards 12 size 40 Howl #buckets 4 coarsen threshold 1843 Howl Bitmap #cards 512 size 80 coarsen threshold 460 Card regions per heap region 1 cards per card region 2048
 CPUs: 8 total, 8 available
 Memory: 7455M
 Large Page Support: Disabled
 NUMA Support: Disabled
 Compressed Oops: Enabled (32-bit)
 Heap Region Size: 1M
 Heap Min Capacity: 8M
 Heap Initial Capacity: 118M
 Heap Max Capacity: 1864M
 Pre-touch: Disabled
 Parallel Workers: 8
 Concurrent Workers: 2
 Concurrent Refinement Workers: 8
 Periodic GC: Disabled

Heap:
 garbage-first heap   total 370688K, used 256502K [0x000000008b800000, 0x0000000100000000)
  region size 1024K, 30 young (30720K), 14 survivors (14336K)
 Metaspace       used 85347K, committed 85824K, reserved 1179648K
  class space    used 8529K, committed 8768K, reserved 1048576K

Heap Regions: E=young(eden), S=young(survivor), O=old, HS=humongous(starts), HC=humongous(continues), CS=collection set, F=free, TAMS=top-at-mark-start, PB=parsable bottom
|   0|0x000000008b800000, 0x000000008b900000, 0x000000008b900000|100%|HS|  |TAMS 0x000000008b900000| PB 0x000000008b800000| Complete 
|   1|0x000000008b900000, 0x000000008ba00000, 0x000000008ba00000|100%|HC|  |TAMS 0x000000008ba00000| PB 0x000000008b900000| Complete 
|   2|0x000000008ba00000, 0x000000008bb00000, 0x000000008bb00000|100%|HC|  |TAMS 0x000000008bb00000| PB 0x000000008ba00000| Complete 
|   3|0x000000008bb00000, 0x000000008bc00000, 0x000000008bc00000|100%| O|  |TAMS 0x000000008bc00000| PB 0x000000008bc00000| Untracked 
|   4|0x000000008bc00000, 0x000000008bd00000, 0x000000008bd00000|100%| O|  |TAMS 0x000000008bd00000| PB 0x000000008bd00000| Untracked 
|   5|0x000000008bd00000, 0x000000008be00000, 0x000000008be00000|100%| O|  |TAMS 0x000000008be00000| PB 0x000000008be00000| Untracked 
|   6|0x000000008be00000, 0x000000008bf00000, 0x000000008bf00000|100%| O|  |TAMS 0x000000008bf00000| PB 0x000000008bf00000| Untracked 
|   7|0x000000008bf00000, 0x000000008c000000, 0x000000008c000000|100%| O|  |TAMS 0x000000008c000000| PB 0x000000008c000000| Untracked 
|   8|0x000000008c000000, 0x000000008c100000, 0x000000008c100000|100%| O|  |TAMS 0x000000008c100000| PB 0x000000008c100000| Untracked 
|   9|0x000000008c100000, 0x000000008c200000, 0x000000008c200000|100%| O|  |TAMS 0x000000008c200000| PB 0x000000008c200000| Untracked 
|  10|0x000000008c200000, 0x000000008c300000, 0x000000008c300000|100%| O|  |TAMS 0x000000008c300000| PB 0x000000008c300000| Untracked 
|  11|0x000000008c300000, 0x000000008c400000, 0x000000008c400000|100%| O|  |TAMS 0x000000008c400000| PB 0x000000008c400000| Untracked 
|  12|0x000000008c400000, 0x000000008c500000, 0x000000008c500000|100%| O|  |TAMS 0x000000008c500000| PB 0x000000008c500000| Untracked 
|  13|0x000000008c500000, 0x000000008c600000, 0x000000008c600000|100%| O|  |TAMS 0x000000008c600000| PB 0x000000008c600000| Untracked 
|  14|0x000000008c600000, 0x000000008c700000, 0x000000008c700000|100%| O|  |TAMS 0x000000008c700000| PB 0x000000008c700000| Untracked 
|  15|0x000000008c700000, 0x000000008c800000, 0x000000008c800000|100%| O|  |TAMS 0x000000008c800000| PB 0x000000008c800000| Untracked 
|  16|0x000000008c800000, 0x000000008c900000, 0x000000008c900000|100%| O|  |TAMS 0x000000008c900000| PB 0x000000008c900000| Untracked 
|  17|0x000000008c900000, 0x000000008ca00000, 0x000000008ca00000|100%| O|  |TAMS 0x000000008ca00000| PB 0x000000008ca00000| Untracked 
|  18|0x000000008ca00000, 0x000000008cb00000, 0x000000008cb00000|100%| O|  |TAMS 0x000000008cb00000| PB 0x000000008cb00000| Updating 
|  19|0x000000008cb00000, 0x000000008cc00000, 0x000000008cc00000|100%| O|  |TAMS 0x000000008cc00000| PB 0x000000008cc00000| Updating 
|  20|0x000000008cc00000, 0x000000008cd00000, 0x000000008cd00000|100%| O|  |TAMS 0x000000008cd00000| PB 0x000000008cd00000| Untracked 
|  21|0x000000008cd00000, 0x000000008ce00000, 0x000000008ce00000|100%| O|  |TAMS 0x000000008ce00000| PB 0x000000008ce00000| Untracked 
|  22|0x000000008ce00000, 0x000000008cf00000, 0x000000008cf00000|100%| O|  |TAMS 0x000000008cf00000| PB 0x000000008cf00000| Untracked 
|  23|0x000000008cf00000, 0x000000008d000000, 0x000000008d000000|100%| O|  |TAMS 0x000000008d000000| PB 0x000000008d000000| Untracked 
|  24|0x000000008d000000, 0x000000008d100000, 0x000000008d100000|100%| O|  |TAMS 0x000000008d100000| PB 0x000000008d100000| Untracked 
|  25|0x000000008d100000, 0x000000008d200000, 0x000000008d200000|100%|HS|  |TAMS 0x000000008d200000| PB 0x000000008d100000| Complete 
|  26|0x000000008d200000, 0x000000008d300000, 0x000000008d300000|100%| O|  |TAMS 0x000000008d300000| PB 0x000000008d300000| Untracked 
|  27|0x000000008d300000, 0x000000008d400000, 0x000000008d400000|100%| O|  |TAMS 0x000000008d400000| PB 0x000000008d400000| Untracked 
|  28|0x000000008d400000, 0x000000008d500000, 0x000000008d500000|100%| O|  |TAMS 0x000000008d500000| PB 0x000000008d500000| Untracked 
|  29|0x000000008d500000, 0x000000008d600000, 0x000000008d600000|100%| O|  |TAMS 0x000000008d600000| PB 0x000000008d600000| Untracked 
|  30|0x000000008d600000, 0x000000008d700000, 0x000000008d700000|100%| O|  |TAMS 0x000000008d700000| PB 0x000000008d700000| Untracked 
|  31|0x000000008d700000, 0x000000008d800000, 0x000000008d800000|100%| O|  |TAMS 0x000000008d800000| PB 0x000000008d800000| Untracked 
|  32|0x000000008d800000, 0x000000008d900000, 0x000000008d900000|100%| O|  |TAMS 0x000000008d900000| PB 0x000000008d900000| Untracked 
|  33|0x000000008d900000, 0x000000008da00000, 0x000000008da00000|100%| O|  |TAMS 0x000000008da00000| PB 0x000000008da00000| Untracked 
|  34|0x000000008da00000, 0x000000008db00000, 0x000000008db00000|100%| O|  |TAMS 0x000000008db00000| PB 0x000000008db00000| Updating 
|  35|0x000000008db00000, 0x000000008dc00000, 0x000000008dc00000|100%| O|  |TAMS 0x000000008dc00000| PB 0x000000008dc00000| Untracked 
|  36|0x000000008dc00000, 0x000000008dd00000, 0x000000008dd00000|100%| O|  |TAMS 0x000000008dd00000| PB 0x000000008dd00000| Untracked 
|  37|0x000000008dd00000, 0x000000008de00000, 0x000000008de00000|100%| O|  |TAMS 0x000000008de00000| PB 0x000000008de00000| Untracked 
|  38|0x000000008de00000, 0x000000008df00000, 0x000000008df00000|100%| O|  |TAMS 0x000000008df00000| PB 0x000000008df00000| Untracked 
|  39|0x000000008df00000, 0x000000008e000000, 0x000000008e000000|100%| O|  |TAMS 0x000000008e000000| PB 0x000000008e000000| Untracked 
|  40|0x000000008e000000, 0x000000008e100000, 0x000000008e100000|100%| O|  |TAMS 0x000000008e100000| PB 0x000000008e100000| Untracked 
|  41|0x000000008e100000, 0x000000008e200000, 0x000000008e200000|100%| O|  |TAMS 0x000000008e200000| PB 0x000000008e200000| Untracked 
|  42|0x000000008e200000, 0x000000008e300000, 0x000000008e300000|100%| O|  |TAMS 0x000000008e300000| PB 0x000000008e300000| Untracked 
|  43|0x000000008e300000, 0x000000008e400000, 0x000000008e400000|100%| O|  |TAMS 0x000000008e400000| PB 0x000000008e400000| Untracked 
|  44|0x000000008e400000, 0x000000008e500000, 0x000000008e500000|100%| O|  |TAMS 0x000000008e500000| PB 0x000000008e500000| Untracked 
|  45|0x000000008e500000, 0x000000008e600000, 0x000000008e600000|100%| O|  |TAMS 0x000000008e600000| PB 0x000000008e600000| Untracked 
|  46|0x000000008e600000, 0x000000008e700000, 0x000000008e700000|100%| O|  |TAMS 0x000000008e700000| PB 0x000000008e700000| Untracked 
|  47|0x000000008e700000, 0x000000008e800000, 0x000000008e800000|100%| O|  |TAMS 0x000000008e800000| PB 0x000000008e800000| Untracked 
|  48|0x000000008e800000, 0x000000008e900000, 0x000000008e900000|100%| O|  |TAMS 0x000000008e900000| PB 0x000000008e900000| Updating 
|  49|0x000000008e900000, 0x000000008ea00000, 0x000000008ea00000|100%| O|  |TAMS 0x000000008ea00000| PB 0x000000008ea00000| Untracked 
|  50|0x000000008ea00000, 0x000000008eb00000, 0x000000008eb00000|100%| O|  |TAMS 0x000000008eb00000| PB 0x000000008eb00000| Untracked 
|  51|0x000000008eb00000, 0x000000008ec00000, 0x000000008ec00000|100%| O|  |TAMS 0x000000008ec00000| PB 0x000000008ec00000| Untracked 
|  52|0x000000008ec00000, 0x000000008ed00000, 0x000000008ed00000|100%| O|  |TAMS 0x000000008ed00000| PB 0x000000008ed00000| Untracked 
|  53|0x000000008ed00000, 0x000000008ee00000, 0x000000008ee00000|100%| O|  |TAMS 0x000000008ee00000| PB 0x000000008ee00000| Untracked 
|  54|0x000000008ee00000, 0x000000008ef00000, 0x000000008ef00000|100%| O|  |TAMS 0x000000008ef00000| PB 0x000000008ef00000| Untracked 
|  55|0x000000008ef00000, 0x000000008f000000, 0x000000008f000000|100%| O|  |TAMS 0x000000008f000000| PB 0x000000008f000000| Untracked 
|  56|0x000000008f000000, 0x000000008f100000, 0x000000008f100000|100%| O|  |TAMS 0x000000008f100000| PB 0x000000008f100000| Untracked 
|  57|0x000000008f100000, 0x000000008f200000, 0x000000008f200000|100%| O|  |TAMS 0x000000008f200000| PB 0x000000008f200000| Untracked 
|  58|0x000000008f200000, 0x000000008f300000, 0x000000008f300000|100%| O|  |TAMS 0x000000008f300000| PB 0x000000008f300000| Untracked 
|  59|0x000000008f300000, 0x000000008f400000, 0x000000008f400000|100%| O|  |TAMS 0x000000008f400000| PB 0x000000008f400000| Untracked 
|  60|0x000000008f400000, 0x000000008f500000, 0x000000008f500000|100%| O|  |TAMS 0x000000008f500000| PB 0x000000008f500000| Untracked 
|  61|0x000000008f500000, 0x000000008f600000, 0x000000008f600000|100%| O|  |TAMS 0x000000008f600000| PB 0x000000008f600000| Untracked 
|  62|0x000000008f600000, 0x000000008f700000, 0x000000008f700000|100%| O|  |TAMS 0x000000008f700000| PB 0x000000008f700000| Untracked 
|  63|0x000000008f700000, 0x000000008f800000, 0x000000008f800000|100%| O|  |TAMS 0x000000008f800000| PB 0x000000008f800000| Untracked 
|  64|0x000000008f800000, 0x000000008f900000, 0x000000008f900000|100%| O|  |TAMS 0x000000008f900000| PB 0x000000008f900000| Untracked 
|  65|0x000000008f900000, 0x000000008fa00000, 0x000000008fa00000|100%| O|  |TAMS 0x000000008fa00000| PB 0x000000008fa00000| Updating 
|  66|0x000000008fa00000, 0x000000008fb00000, 0x000000008fb00000|100%| O|  |TAMS 0x000000008fb00000| PB 0x000000008fb00000| Untracked 
|  67|0x000000008fb00000, 0x000000008fc00000, 0x000000008fc00000|100%| O|  |TAMS 0x000000008fc00000| PB 0x000000008fc00000| Untracked 
|  68|0x000000008fc00000, 0x000000008fd00000, 0x000000008fd00000|100%| O|  |TAMS 0x000000008fd00000| PB 0x000000008fd00000| Untracked 
|  69|0x000000008fd00000, 0x000000008fe00000, 0x000000008fe00000|100%| O|  |TAMS 0x000000008fe00000| PB 0x000000008fe00000| Untracked 
|  70|0x000000008fe00000, 0x000000008ff00000, 0x000000008ff00000|100%| O|  |TAMS 0x000000008ff00000| PB 0x000000008ff00000| Untracked 
|  71|0x000000008ff00000, 0x0000000090000000, 0x0000000090000000|100%| O|  |TAMS 0x0000000090000000| PB 0x0000000090000000| Untracked 
|  72|0x0000000090000000, 0x0000000090100000, 0x0000000090100000|100%| O|  |TAMS 0x0000000090100000| PB 0x0000000090100000| Untracked 
|  73|0x0000000090100000, 0x0000000090200000, 0x0000000090200000|100%| O|  |TAMS 0x0000000090200000| PB 0x0000000090200000| Updating 
|  74|0x0000000090200000, 0x0000000090300000, 0x0000000090300000|100%| O|  |TAMS 0x0000000090300000| PB 0x0000000090300000| Untracked 
|  75|0x0000000090300000, 0x0000000090400000, 0x0000000090400000|100%| O|  |TAMS 0x0000000090400000| PB 0x0000000090400000| Untracked 
|  76|0x0000000090400000, 0x0000000090500000, 0x0000000090500000|100%| O|  |TAMS 0x0000000090500000| PB 0x0000000090500000| Untracked 
|  77|0x0000000090500000, 0x0000000090600000, 0x0000000090600000|100%| O|  |TAMS 0x0000000090600000| PB 0x0000000090600000| Untracked 
|  78|0x0000000090600000, 0x0000000090700000, 0x0000000090700000|100%| O|  |TAMS 0x0000000090600000| PB 0x0000000090600000| Untracked 
|  79|0x0000000090700000, 0x0000000090800000, 0x0000000090800000|100%| O|  |TAMS 0x0000000090800000| PB 0x0000000090800000| Untracked 
|  80|0x0000000090800000, 0x0000000090900000, 0x0000000090900000|100%| O|  |TAMS 0x0000000090900000| PB 0x0000000090900000| Untracked 
|  81|0x0000000090900000, 0x0000000090a00000, 0x0000000090a00000|100%| O|  |TAMS 0x0000000090a00000| PB 0x0000000090a00000| Untracked 
|  82|0x0000000090a00000, 0x0000000090b00000, 0x0000000090b00000|100%| O|  |TAMS 0x0000000090b00000| PB 0x0000000090b00000| Untracked 
|  83|0x0000000090b00000, 0x0000000090c00000, 0x0000000090c00000|100%| O|  |TAMS 0x0000000090c00000| PB 0x0000000090c00000| Updating 
|  84|0x0000000090c00000, 0x0000000090d00000, 0x0000000090d00000|100%| O|  |TAMS 0x0000000090d00000| PB 0x0000000090d00000| Updating 
|  85|0x0000000090d00000, 0x0000000090e00000, 0x0000000090e00000|100%| O|  |TAMS 0x0000000090e00000| PB 0x0000000090e00000| Untracked 
|  86|0x0000000090e00000, 0x0000000090f00000, 0x0000000090f00000|100%| O|  |TAMS 0x0000000090f00000| PB 0x0000000090f00000| Untracked 
|  87|0x0000000090f00000, 0x0000000091000000, 0x0000000091000000|100%| O|  |TAMS 0x0000000091000000| PB 0x0000000091000000| Untracked 
|  88|0x0000000091000000, 0x0000000091100000, 0x0000000091100000|100%| O|  |TAMS 0x0000000091100000| PB 0x0000000091100000| Untracked 
|  89|0x0000000091100000, 0x0000000091200000, 0x0000000091200000|100%| O|  |TAMS 0x0000000091200000| PB 0x0000000091200000| Updating 
|  90|0x0000000091200000, 0x0000000091300000, 0x0000000091300000|100%| O|  |TAMS 0x0000000091300000| PB 0x0000000091300000| Updating 
|  91|0x0000000091300000, 0x0000000091400000, 0x0000000091400000|100%| O|  |TAMS 0x0000000091400000| PB 0x0000000091400000| Untracked 
|  92|0x0000000091400000, 0x0000000091500000, 0x0000000091500000|100%| O|  |TAMS 0x0000000091500000| PB 0x0000000091500000| Untracked 
|  93|0x0000000091500000, 0x0000000091600000, 0x0000000091600000|100%| O|  |TAMS 0x0000000091600000| PB 0x0000000091600000| Untracked 
|  94|0x0000000091600000, 0x0000000091700000, 0x0000000091700000|100%| O|  |TAMS 0x0000000091700000| PB 0x0000000091700000| Untracked 
|  95|0x0000000091700000, 0x0000000091800000, 0x0000000091800000|100%| O|  |TAMS 0x0000000091800000| PB 0x0000000091800000| Untracked 
|  96|0x0000000091800000, 0x0000000091900000, 0x0000000091900000|100%| O|  |TAMS 0x0000000091900000| PB 0x0000000091900000| Untracked 
|  97|0x0000000091900000, 0x0000000091a00000, 0x0000000091a00000|100%| O|  |TAMS 0x0000000091a00000| PB 0x0000000091a00000| Untracked 
|  98|0x0000000091a00000, 0x0000000091b00000, 0x0000000091b00000|100%| O|  |TAMS 0x0000000091b00000| PB 0x0000000091b00000| Untracked 
|  99|0x0000000091b00000, 0x0000000091c00000, 0x0000000091c00000|100%| O|  |TAMS 0x0000000091c00000| PB 0x0000000091c00000| Untracked 
| 100|0x0000000091c00000, 0x0000000091d00000, 0x0000000091d00000|100%| O|  |TAMS 0x0000000091d00000| PB 0x0000000091d00000| Updating 
| 101|0x0000000091d00000, 0x0000000091e00000, 0x0000000091e00000|100%| O|  |TAMS 0x0000000091e00000| PB 0x0000000091e00000| Untracked 
| 102|0x0000000091e00000, 0x0000000091f00000, 0x0000000091f00000|100%| O|  |TAMS 0x0000000091f00000| PB 0x0000000091f00000| Untracked 
| 103|0x0000000091f00000, 0x0000000092000000, 0x0000000092000000|100%| O|  |TAMS 0x0000000092000000| PB 0x0000000092000000| Untracked 
| 104|0x0000000092000000, 0x0000000092100000, 0x0000000092100000|100%| O|  |TAMS 0x0000000092100000| PB 0x0000000092100000| Untracked 
| 105|0x0000000092100000, 0x0000000092200000, 0x0000000092200000|100%| O|  |TAMS 0x0000000092200000| PB 0x0000000092200000| Untracked 
| 106|0x0000000092200000, 0x0000000092300000, 0x0000000092300000|100%| O|  |TAMS 0x0000000092300000| PB 0x0000000092300000| Untracked 
| 107|0x0000000092300000, 0x0000000092400000, 0x0000000092400000|100%| O|  |TAMS 0x0000000092400000| PB 0x0000000092400000| Untracked 
| 108|0x0000000092400000, 0x0000000092500000, 0x0000000092500000|100%| O|  |TAMS 0x0000000092500000| PB 0x0000000092500000| Untracked 
| 109|0x0000000092500000, 0x0000000092600000, 0x0000000092600000|100%| O|  |TAMS 0x0000000092600000| PB 0x0000000092600000| Untracked 
| 110|0x0000000092600000, 0x0000000092700000, 0x0000000092700000|100%| O|  |TAMS 0x0000000092700000| PB 0x0000000092700000| Untracked 
| 111|0x0000000092700000, 0x0000000092800000, 0x0000000092800000|100%| O|  |TAMS 0x0000000092800000| PB 0x0000000092800000| Untracked 
| 112|0x0000000092800000, 0x0000000092900000, 0x0000000092900000|100%| O|  |TAMS 0x0000000092900000| PB 0x0000000092900000| Untracked 
| 113|0x0000000092900000, 0x0000000092a00000, 0x0000000092a00000|100%| O|  |TAMS 0x0000000092a00000| PB 0x0000000092a00000| Untracked 
| 114|0x0000000092a00000, 0x0000000092b00000, 0x0000000092b00000|100%| O|  |TAMS 0x0000000092b00000| PB 0x0000000092b00000| Updating 
| 115|0x0000000092b00000, 0x0000000092c00000, 0x0000000092c00000|100%| O|  |TAMS 0x0000000092c00000| PB 0x0000000092c00000| Untracked 
| 116|0x0000000092c00000, 0x0000000092d00000, 0x0000000092d00000|100%| O|  |TAMS 0x0000000092d00000| PB 0x0000000092d00000| Untracked 
| 117|0x0000000092d00000, 0x0000000092e00000, 0x0000000092e00000|100%| O|  |TAMS 0x0000000092e00000| PB 0x0000000092e00000| Untracked 
| 118|0x0000000092e00000, 0x0000000092f00000, 0x0000000092f00000|100%| O|  |TAMS 0x0000000092f00000| PB 0x0000000092f00000| Untracked 
| 119|0x0000000092f00000, 0x0000000093000000, 0x0000000093000000|100%| O|  |TAMS 0x0000000093000000| PB 0x0000000093000000| Untracked 
| 120|0x0000000093000000, 0x0000000093100000, 0x0000000093100000|100%| O|  |TAMS 0x0000000093100000| PB 0x0000000093100000| Untracked 
| 121|0x0000000093100000, 0x0000000093200000, 0x0000000093200000|100%| O|  |TAMS 0x0000000093200000| PB 0x0000000093200000| Untracked 
| 122|0x0000000093200000, 0x0000000093300000, 0x0000000093300000|100%| O|  |TAMS 0x0000000093300000| PB 0x0000000093300000| Untracked 
| 123|0x0000000093300000, 0x0000000093400000, 0x0000000093400000|100%| O|  |TAMS 0x0000000093400000| PB 0x0000000093400000| Untracked 
| 124|0x0000000093400000, 0x0000000093500000, 0x0000000093500000|100%| O|  |TAMS 0x0000000093500000| PB 0x0000000093500000| Updating 
| 125|0x0000000093500000, 0x0000000093600000, 0x0000000093600000|100%| O|  |TAMS 0x0000000093600000| PB 0x0000000093600000| Untracked 
| 126|0x0000000093600000, 0x0000000093700000, 0x0000000093700000|100%| O|  |TAMS 0x0000000093700000| PB 0x0000000093700000| Updating 
| 127|0x0000000093700000, 0x0000000093800000, 0x0000000093800000|100%| O|  |TAMS 0x0000000093800000| PB 0x0000000093800000| Untracked 
| 128|0x0000000093800000, 0x0000000093900000, 0x0000000093900000|100%| O|  |TAMS 0x0000000093900000| PB 0x0000000093900000| Untracked 
| 129|0x0000000093900000, 0x0000000093a00000, 0x0000000093a00000|100%| O|  |TAMS 0x0000000093a00000| PB 0x0000000093a00000| Untracked 
| 130|0x0000000093a00000, 0x0000000093b00000, 0x0000000093b00000|100%| O|  |TAMS 0x0000000093b00000| PB 0x0000000093b00000| Untracked 
| 131|0x0000000093b00000, 0x0000000093c00000, 0x0000000093c00000|100%| O|  |TAMS 0x0000000093c00000| PB 0x0000000093c00000| Updating 
| 132|0x0000000093c00000, 0x0000000093d00000, 0x0000000093d00000|100%| O|  |TAMS 0x0000000093d00000| PB 0x0000000093d00000| Untracked 
| 133|0x0000000093d00000, 0x0000000093e00000, 0x0000000093e00000|100%| O|  |TAMS 0x0000000093e00000| PB 0x0000000093e00000| Untracked 
| 134|0x0000000093e00000, 0x0000000093f00000, 0x0000000093f00000|100%| O|  |TAMS 0x0000000093f00000| PB 0x0000000093f00000| Untracked 
| 135|0x0000000093f00000, 0x0000000094000000, 0x0000000094000000|100%| O|  |TAMS 0x0000000094000000| PB 0x0000000094000000| Updating 
| 136|0x0000000094000000, 0x0000000094100000, 0x0000000094100000|100%| O|  |TAMS 0x0000000094100000| PB 0x0000000094100000| Untracked 
| 137|0x0000000094100000, 0x0000000094200000, 0x0000000094200000|100%| O|  |TAMS 0x0000000094200000| PB 0x0000000094200000| Updating 
| 138|0x0000000094200000, 0x0000000094300000, 0x0000000094300000|100%| O|  |TAMS 0x0000000094300000| PB 0x0000000094300000| Untracked 
| 139|0x0000000094300000, 0x0000000094400000, 0x0000000094400000|100%| O|  |TAMS 0x0000000094400000| PB 0x0000000094400000| Untracked 
| 140|0x0000000094400000, 0x0000000094500000, 0x0000000094500000|100%| O|  |TAMS 0x0000000094500000| PB 0x0000000094500000| Untracked 
| 141|0x0000000094500000, 0x0000000094600000, 0x0000000094600000|100%| O|  |TAMS 0x0000000094600000| PB 0x0000000094600000| Untracked 
| 142|0x0000000094600000, 0x0000000094700000, 0x0000000094700000|100%| O|  |TAMS 0x0000000094700000| PB 0x0000000094700000| Untracked 
| 143|0x0000000094700000, 0x0000000094800000, 0x0000000094800000|100%| O|  |TAMS 0x0000000094800000| PB 0x0000000094800000| Untracked 
| 144|0x0000000094800000, 0x0000000094900000, 0x0000000094900000|100%| O|  |TAMS 0x0000000094900000| PB 0x0000000094900000| Untracked 
| 145|0x0000000094900000, 0x0000000094a00000, 0x0000000094a00000|100%| O|  |TAMS 0x0000000094a00000| PB 0x0000000094a00000| Untracked 
| 146|0x0000000094a00000, 0x0000000094b00000, 0x0000000094b00000|100%| O|  |TAMS 0x0000000094b00000| PB 0x0000000094b00000| Untracked 
| 147|0x0000000094b00000, 0x0000000094c00000, 0x0000000094c00000|100%| O|  |TAMS 0x0000000094c00000| PB 0x0000000094c00000| Untracked 
| 148|0x0000000094c00000, 0x0000000094d00000, 0x0000000094d00000|100%| O|  |TAMS 0x0000000094d00000| PB 0x0000000094d00000| Untracked 
| 149|0x0000000094d00000, 0x0000000094e00000, 0x0000000094e00000|100%| O|  |TAMS 0x0000000094e00000| PB 0x0000000094e00000| Untracked 
| 150|0x0000000094e00000, 0x0000000094f00000, 0x0000000094f00000|100%| O|  |TAMS 0x0000000094f00000| PB 0x0000000094f00000| Untracked 
| 151|0x0000000094f00000, 0x0000000095000000, 0x0000000095000000|100%| O|  |TAMS 0x0000000095000000| PB 0x0000000095000000| Updating 
| 152|0x0000000095000000, 0x0000000095100000, 0x0000000095100000|100%| O|  |TAMS 0x0000000095100000| PB 0x0000000095100000| Untracked 
| 153|0x0000000095100000, 0x0000000095200000, 0x0000000095200000|100%| O|  |TAMS 0x0000000095200000| PB 0x0000000095200000| Updating 
| 154|0x0000000095200000, 0x0000000095300000, 0x0000000095300000|100%| O|  |TAMS 0x0000000095300000| PB 0x0000000095300000| Untracked 
| 155|0x0000000095300000, 0x0000000095400000, 0x0000000095400000|100%| O|  |TAMS 0x0000000095400000| PB 0x0000000095400000| Untracked 
| 156|0x0000000095400000, 0x0000000095500000, 0x0000000095500000|100%| O|  |TAMS 0x0000000095500000| PB 0x0000000095500000| Untracked 
| 157|0x0000000095500000, 0x0000000095600000, 0x0000000095600000|100%| O|  |TAMS 0x0000000095600000| PB 0x0000000095600000| Untracked 
| 158|0x0000000095600000, 0x0000000095700000, 0x0000000095700000|100%| O|  |TAMS 0x0000000095700000| PB 0x0000000095700000| Untracked 
| 159|0x0000000095700000, 0x0000000095800000, 0x0000000095800000|100%| O|  |TAMS 0x0000000095800000| PB 0x0000000095800000| Untracked 
| 160|0x0000000095800000, 0x0000000095900000, 0x0000000095900000|100%| O|  |TAMS 0x0000000095900000| PB 0x0000000095900000| Untracked 
| 161|0x0000000095900000, 0x0000000095a00000, 0x0000000095a00000|100%| O|  |TAMS 0x0000000095a00000| PB 0x0000000095a00000| Updating 
| 162|0x0000000095a00000, 0x0000000095b00000, 0x0000000095b00000|100%| O|  |TAMS 0x0000000095b00000| PB 0x0000000095b00000| Untracked 
| 163|0x0000000095b00000, 0x0000000095c00000, 0x0000000095c00000|100%| O|  |TAMS 0x0000000095b00000| PB 0x0000000095b00000| Untracked 
| 164|0x0000000095c00000, 0x0000000095d00000, 0x0000000095d00000|100%| O|  |TAMS 0x0000000095d00000| PB 0x0000000095d00000| Untracked 
| 165|0x0000000095d00000, 0x0000000095e00000, 0x0000000095e00000|100%| O|  |TAMS 0x0000000095e00000| PB 0x0000000095e00000| Untracked 
| 166|0x0000000095e00000, 0x0000000095f00000, 0x0000000095f00000|100%| O|  |TAMS 0x0000000095f00000| PB 0x0000000095f00000| Untracked 
| 167|0x0000000095f00000, 0x0000000096000000, 0x0000000096000000|100%| O|  |TAMS 0x0000000096000000| PB 0x0000000096000000| Untracked 
| 168|0x0000000096000000, 0x0000000096100000, 0x0000000096100000|100%| O|  |TAMS 0x0000000096100000| PB 0x0000000096100000| Untracked 
| 169|0x0000000096100000, 0x0000000096200000, 0x0000000096200000|100%| O|  |TAMS 0x0000000096200000| PB 0x0000000096200000| Untracked 
| 170|0x0000000096200000, 0x0000000096300000, 0x0000000096300000|100%| O|  |TAMS 0x0000000096300000| PB 0x0000000096300000| Untracked 
| 171|0x0000000096300000, 0x0000000096400000, 0x0000000096400000|100%| O|  |TAMS 0x0000000096400000| PB 0x0000000096400000| Untracked 
| 172|0x0000000096400000, 0x0000000096500000, 0x0000000096500000|100%| O|  |TAMS 0x0000000096500000| PB 0x0000000096500000| Untracked 
| 173|0x0000000096500000, 0x0000000096600000, 0x0000000096600000|100%| O|  |TAMS 0x0000000096600000| PB 0x0000000096600000| Untracked 
| 174|0x0000000096600000, 0x0000000096700000, 0x0000000096700000|100%| O|  |TAMS 0x0000000096600000| PB 0x0000000096600000| Untracked 
| 175|0x0000000096700000, 0x0000000096800000, 0x0000000096800000|100%| O|  |TAMS 0x0000000096800000| PB 0x0000000096800000| Untracked 
| 176|0x0000000096800000, 0x0000000096900000, 0x0000000096900000|100%| O|  |TAMS 0x0000000096900000| PB 0x0000000096900000| Untracked 
| 177|0x0000000096900000, 0x0000000096a00000, 0x0000000096a00000|100%| O|  |TAMS 0x0000000096a00000| PB 0x0000000096a00000| Untracked 
| 178|0x0000000096a00000, 0x0000000096b00000, 0x0000000096b00000|100%| O|  |TAMS 0x0000000096b00000| PB 0x0000000096b00000| Untracked 
| 179|0x0000000096b00000, 0x0000000096c00000, 0x0000000096c00000|100%| O|  |TAMS 0x0000000096c00000| PB 0x0000000096c00000| Untracked 
| 180|0x0000000096c00000, 0x0000000096d00000, 0x0000000096d00000|100%| O|  |TAMS 0x0000000096d00000| PB 0x0000000096d00000| Untracked 
| 181|0x0000000096d00000, 0x0000000096e00000, 0x0000000096e00000|100%| O|  |TAMS 0x0000000096e00000| PB 0x0000000096e00000| Untracked 
| 182|0x0000000096e00000, 0x0000000096f00000, 0x0000000096f00000|100%| O|  |TAMS 0x0000000096f00000| PB 0x0000000096f00000| Untracked 
| 183|0x0000000096f00000, 0x0000000097000000, 0x0000000097000000|100%| O|  |TAMS 0x0000000097000000| PB 0x0000000097000000| Untracked 
| 184|0x0000000097000000, 0x0000000097100000, 0x0000000097100000|100%| O|  |TAMS 0x0000000097100000| PB 0x0000000097100000| Untracked 
| 185|0x0000000097100000, 0x0000000097200000, 0x0000000097200000|100%| O|  |TAMS 0x0000000097200000| PB 0x0000000097200000| Updating 
| 186|0x0000000097200000, 0x0000000097300000, 0x0000000097300000|100%| O|  |TAMS 0x0000000097300000| PB 0x0000000097300000| Updating 
| 187|0x0000000097300000, 0x0000000097400000, 0x0000000097400000|100%| O|  |TAMS 0x0000000097300000| PB 0x0000000097300000| Untracked 
| 188|0x0000000097400000, 0x0000000097500000, 0x0000000097500000|100%| O|  |TAMS 0x0000000097500000| PB 0x0000000097500000| Updating 
| 189|0x0000000097500000, 0x0000000097600000, 0x0000000097600000|100%| O|  |TAMS 0x0000000097600000| PB 0x0000000097600000| Untracked 
| 190|0x0000000097600000, 0x0000000097700000, 0x0000000097700000|100%| O|  |TAMS 0x0000000097700000| PB 0x0000000097700000| Updating 
| 191|0x0000000097700000, 0x0000000097800000, 0x0000000097800000|100%| O|  |TAMS 0x0000000097800000| PB 0x0000000097800000| Untracked 
| 192|0x0000000097800000, 0x0000000097900000, 0x0000000097900000|100%| O|  |TAMS 0x0000000097900000| PB 0x0000000097900000| Untracked 
| 193|0x0000000097900000, 0x0000000097a00000, 0x0000000097a00000|100%| O|  |TAMS 0x0000000097a00000| PB 0x0000000097a00000| Updating 
| 194|0x0000000097a00000, 0x0000000097b00000, 0x0000000097b00000|100%| O|  |TAMS 0x0000000097b00000| PB 0x0000000097b00000| Updating 
| 195|0x0000000097b00000, 0x0000000097c00000, 0x0000000097c00000|100%| O|  |TAMS 0x0000000097c00000| PB 0x0000000097c00000| Updating 
| 196|0x0000000097c00000, 0x0000000097d00000, 0x0000000097d00000|100%| O|  |TAMS 0x0000000097d00000| PB 0x0000000097d00000| Updating 
| 197|0x0000000097d00000, 0x0000000097e00000, 0x0000000097e00000|100%| O|  |TAMS 0x0000000097e00000| PB 0x0000000097e00000| Updating 
| 198|0x0000000097e00000, 0x0000000097f00000, 0x0000000097f00000|100%| O|  |TAMS 0x0000000097f00000| PB 0x0000000097f00000| Updating 
| 199|0x0000000097f00000, 0x0000000098000000, 0x0000000098000000|100%| O|  |TAMS 0x0000000098000000| PB 0x0000000098000000| Untracked 
| 200|0x0000000098000000, 0x0000000098100000, 0x0000000098100000|100%| O|  |TAMS 0x0000000098100000| PB 0x0000000098100000| Untracked 
| 201|0x0000000098100000, 0x0000000098200000, 0x0000000098200000|100%| O|  |TAMS 0x0000000098200000| PB 0x0000000098200000| Updating 
| 202|0x0000000098200000, 0x0000000098300000, 0x0000000098300000|100%| O|  |TAMS 0x0000000098300000| PB 0x0000000098300000| Updating 
| 203|0x0000000098300000, 0x0000000098400000, 0x0000000098400000|100%| O|  |TAMS 0x0000000098400000| PB 0x0000000098400000| Updating 
| 204|0x0000000098400000, 0x0000000098500000, 0x0000000098500000|100%| O|  |TAMS 0x0000000098500000| PB 0x0000000098500000| Updating 
| 205|0x0000000098500000, 0x0000000098600000, 0x0000000098600000|100%| O|  |TAMS 0x0000000098600000| PB 0x0000000098600000| Updating 
| 206|0x0000000098600000, 0x0000000098700000, 0x0000000098700000|100%| O|  |TAMS 0x0000000098700000| PB 0x0000000098700000| Updating 
| 207|0x0000000098700000, 0x0000000098800000, 0x0000000098800000|100%| O|  |TAMS 0x0000000098800000| PB 0x0000000098800000| Updating 
| 208|0x0000000098800000, 0x0000000098900000, 0x0000000098900000|100%| O|  |TAMS 0x0000000098900000| PB 0x0000000098900000| Updating 
| 209|0x0000000098900000, 0x0000000098a00000, 0x0000000098a00000|100%| O|  |TAMS 0x0000000098a00000| PB 0x0000000098a00000| Updating 
| 210|0x0000000098a00000, 0x0000000098b00000, 0x0000000098b00000|100%| O|  |TAMS 0x0000000098abb530| PB 0x0000000098abb530| Updating 
| 211|0x0000000098b00000, 0x0000000098c00000, 0x0000000098c00000|100%| O|  |TAMS 0x0000000098b00000| PB 0x0000000098b00000| Untracked 
| 212|0x0000000098c00000, 0x0000000098c7db90, 0x0000000098d00000| 49%| O|  |TAMS 0x0000000098c00000| PB 0x0000000098c00000| Updating 
| 213|0x0000000098d00000, 0x0000000098d00000, 0x0000000098e00000|  0%| F|  |TAMS 0x0000000098d00000| PB 0x0000000098d00000| Untracked 
| 214|0x0000000098e00000, 0x0000000098e00000, 0x0000000098f00000|  0%| F|  |TAMS 0x0000000098e00000| PB 0x0000000098e00000| Untracked 
| 215|0x0000000098f00000, 0x0000000098f00000, 0x0000000099000000|  0%| F|  |TAMS 0x0000000098f00000| PB 0x0000000098f00000| Untracked 
| 216|0x0000000099000000, 0x0000000099000000, 0x0000000099100000|  0%| F|  |TAMS 0x0000000099000000| PB 0x0000000099000000| Untracked 
| 217|0x0000000099100000, 0x0000000099100000, 0x0000000099200000|  0%| F|  |TAMS 0x0000000099100000| PB 0x0000000099100000| Untracked 
| 218|0x0000000099200000, 0x0000000099200000, 0x0000000099300000|  0%| F|  |TAMS 0x0000000099200000| PB 0x0000000099200000| Untracked 
| 219|0x0000000099300000, 0x0000000099300000, 0x0000000099400000|  0%| F|  |TAMS 0x0000000099300000| PB 0x0000000099300000| Untracked 
| 220|0x0000000099400000, 0x0000000099400000, 0x0000000099500000|  0%| F|  |TAMS 0x0000000099400000| PB 0x0000000099400000| Untracked 
| 221|0x0000000099500000, 0x0000000099500000, 0x0000000099600000|  0%| F|  |TAMS 0x0000000099500000| PB 0x0000000099500000| Untracked 
| 222|0x0000000099600000, 0x0000000099600000, 0x0000000099700000|  0%| F|  |TAMS 0x0000000099600000| PB 0x0000000099600000| Untracked 
| 223|0x0000000099700000, 0x0000000099700000, 0x0000000099800000|  0%| F|  |TAMS 0x0000000099700000| PB 0x0000000099700000| Untracked 
| 224|0x0000000099800000, 0x0000000099800000, 0x0000000099900000|  0%| F|  |TAMS 0x0000000099800000| PB 0x0000000099800000| Untracked 
| 225|0x0000000099900000, 0x0000000099900000, 0x0000000099a00000|  0%| F|  |TAMS 0x0000000099900000| PB 0x0000000099900000| Untracked 
| 226|0x0000000099a00000, 0x0000000099a00000, 0x0000000099b00000|  0%| F|  |TAMS 0x0000000099a00000| PB 0x0000000099a00000| Untracked 
| 227|0x0000000099b00000, 0x0000000099c00000, 0x0000000099c00000|100%| S|CS|TAMS 0x0000000099b00000| PB 0x0000000099b00000| Complete 
| 228|0x0000000099c00000, 0x0000000099d00000, 0x0000000099d00000|100%| S|CS|TAMS 0x0000000099c00000| PB 0x0000000099c00000| Complete 
| 229|0x0000000099d00000, 0x0000000099e00000, 0x0000000099e00000|100%| S|CS|TAMS 0x0000000099d00000| PB 0x0000000099d00000| Complete 
| 230|0x0000000099e00000, 0x0000000099f00000, 0x0000000099f00000|100%| S|CS|TAMS 0x0000000099e00000| PB 0x0000000099e00000| Complete 
| 231|0x0000000099f00000, 0x000000009a000000, 0x000000009a000000|100%| S|CS|TAMS 0x0000000099f00000| PB 0x0000000099f00000| Complete 
| 232|0x000000009a000000, 0x000000009a100000, 0x000000009a100000|100%| S|CS|TAMS 0x000000009a000000| PB 0x000000009a000000| Complete 
| 233|0x000000009a100000, 0x000000009a200000, 0x000000009a200000|100%| S|CS|TAMS 0x000000009a100000| PB 0x000000009a100000| Complete 
| 234|0x000000009a200000, 0x000000009a300000, 0x000000009a300000|100%| S|CS|TAMS 0x000000009a200000| PB 0x000000009a200000| Complete 
| 235|0x000000009a300000, 0x000000009a400000, 0x000000009a400000|100%| S|CS|TAMS 0x000000009a300000| PB 0x000000009a300000| Complete 
| 236|0x000000009a400000, 0x000000009a500000, 0x000000009a500000|100%| S|CS|TAMS 0x000000009a400000| PB 0x000000009a400000| Complete 
| 237|0x000000009a500000, 0x000000009a600000, 0x000000009a600000|100%| S|CS|TAMS 0x000000009a500000| PB 0x000000009a500000| Complete 
| 238|0x000000009a600000, 0x000000009a700000, 0x000000009a700000|100%| S|CS|TAMS 0x000000009a600000| PB 0x000000009a600000| Complete 
| 239|0x000000009a700000, 0x000000009a800000, 0x000000009a800000|100%| S|CS|TAMS 0x000000009a700000| PB 0x000000009a700000| Complete 
| 240|0x000000009a800000, 0x000000009a800000, 0x000000009a900000|  0%| F|  |TAMS 0x000000009a800000| PB 0x000000009a800000| Untracked 
| 241|0x000000009a900000, 0x000000009a900000, 0x000000009aa00000|  0%| F|  |TAMS 0x000000009a900000| PB 0x000000009a900000| Untracked 
| 242|0x000000009aa00000, 0x000000009aa00000, 0x000000009ab00000|  0%| F|  |TAMS 0x000000009aa00000| PB 0x000000009aa00000| Untracked 
| 243|0x000000009ab00000, 0x000000009ab00000, 0x000000009ac00000|  0%| F|  |TAMS 0x000000009ab00000| PB 0x000000009ab00000| Untracked 
| 244|0x000000009ac00000, 0x000000009ac00000, 0x000000009ad00000|  0%| F|  |TAMS 0x000000009ac00000| PB 0x000000009ac00000| Untracked 
| 245|0x000000009ad00000, 0x000000009ad00000, 0x000000009ae00000|  0%| F|  |TAMS 0x000000009ad00000| PB 0x000000009ad00000| Untracked 
| 246|0x000000009ae00000, 0x000000009ae00000, 0x000000009af00000|  0%| F|  |TAMS 0x000000009ae00000| PB 0x000000009ae00000| Untracked 
| 247|0x000000009af00000, 0x000000009af00000, 0x000000009b000000|  0%| F|  |TAMS 0x000000009af00000| PB 0x000000009af00000| Untracked 
| 248|0x000000009b000000, 0x000000009b000000, 0x000000009b100000|  0%| F|  |TAMS 0x000000009b000000| PB 0x000000009b000000| Untracked 
| 249|0x000000009b100000, 0x000000009b100000, 0x000000009b200000|  0%| F|  |TAMS 0x000000009b100000| PB 0x000000009b100000| Untracked 
| 250|0x000000009b200000, 0x000000009b200000, 0x000000009b300000|  0%| F|  |TAMS 0x000000009b200000| PB 0x000000009b200000| Untracked 
| 251|0x000000009b300000, 0x000000009b300000, 0x000000009b400000|  0%| F|  |TAMS 0x000000009b300000| PB 0x000000009b300000| Untracked 
| 252|0x000000009b400000, 0x000000009b400000, 0x000000009b500000|  0%| F|  |TAMS 0x000000009b400000| PB 0x000000009b400000| Untracked 
| 253|0x000000009b500000, 0x000000009b600000, 0x000000009b600000|100%| S|CS|TAMS 0x000000009b500000| PB 0x000000009b500000| Complete 
| 254|0x000000009b600000, 0x000000009b600000, 0x000000009b700000|  0%| F|  |TAMS 0x000000009b600000| PB 0x000000009b600000| Untracked 
| 255|0x000000009b700000, 0x000000009b700000, 0x000000009b800000|  0%| F|  |TAMS 0x000000009b700000| PB 0x000000009b700000| Untracked 
| 256|0x000000009b800000, 0x000000009b800000, 0x000000009b900000|  0%| F|  |TAMS 0x000000009b800000| PB 0x000000009b800000| Untracked 
| 257|0x000000009b900000, 0x000000009b900000, 0x000000009ba00000|  0%| F|  |TAMS 0x000000009b900000| PB 0x000000009b900000| Untracked 
| 258|0x000000009ba00000, 0x000000009ba00000, 0x000000009bb00000|  0%| F|  |TAMS 0x000000009ba00000| PB 0x000000009ba00000| Untracked 
| 259|0x000000009bb00000, 0x000000009bb00000, 0x000000009bc00000|  0%| F|  |TAMS 0x000000009bb00000| PB 0x000000009bb00000| Untracked 
| 260|0x000000009bc00000, 0x000000009bc00000, 0x000000009bd00000|  0%| F|  |TAMS 0x000000009bc00000| PB 0x000000009bc00000| Untracked 
| 261|0x000000009bd00000, 0x000000009bd00000, 0x000000009be00000|  0%| F|  |TAMS 0x000000009bd00000| PB 0x000000009bd00000| Untracked 
| 262|0x000000009be00000, 0x000000009be00000, 0x000000009bf00000|  0%| F|  |TAMS 0x000000009be00000| PB 0x000000009be00000| Untracked 
| 263|0x000000009bf00000, 0x000000009bf00000, 0x000000009c000000|  0%| F|  |TAMS 0x000000009bf00000| PB 0x000000009bf00000| Untracked 
| 264|0x000000009c000000, 0x000000009c000000, 0x000000009c100000|  0%| F|  |TAMS 0x000000009c000000| PB 0x000000009c000000| Untracked 
| 265|0x000000009c100000, 0x000000009c100000, 0x000000009c200000|  0%| F|  |TAMS 0x000000009c100000| PB 0x000000009c100000| Untracked 
| 266|0x000000009c200000, 0x000000009c200000, 0x000000009c300000|  0%| F|  |TAMS 0x000000009c200000| PB 0x000000009c200000| Untracked 
| 267|0x000000009c300000, 0x000000009c300000, 0x000000009c400000|  0%| F|  |TAMS 0x000000009c300000| PB 0x000000009c300000| Untracked 
| 268|0x000000009c400000, 0x000000009c400000, 0x000000009c500000|  0%| F|  |TAMS 0x000000009c400000| PB 0x000000009c400000| Untracked 
| 269|0x000000009c500000, 0x000000009c500000, 0x000000009c600000|  0%| F|  |TAMS 0x000000009c500000| PB 0x000000009c500000| Untracked 
| 270|0x000000009c600000, 0x000000009c600000, 0x000000009c700000|  0%| F|  |TAMS 0x000000009c600000| PB 0x000000009c600000| Untracked 
| 271|0x000000009c700000, 0x000000009c700000, 0x000000009c800000|  0%| F|  |TAMS 0x000000009c700000| PB 0x000000009c700000| Untracked 
| 272|0x000000009c800000, 0x000000009c800000, 0x000000009c900000|  0%| F|  |TAMS 0x000000009c800000| PB 0x000000009c800000| Untracked 
| 273|0x000000009c900000, 0x000000009c900000, 0x000000009ca00000|  0%| F|  |TAMS 0x000000009c900000| PB 0x000000009c900000| Untracked 
| 274|0x000000009ca00000, 0x000000009ca00000, 0x000000009cb00000|  0%| F|  |TAMS 0x000000009ca00000| PB 0x000000009ca00000| Untracked 
| 275|0x000000009cb00000, 0x000000009cb00000, 0x000000009cc00000|  0%| F|  |TAMS 0x000000009cb00000| PB 0x000000009cb00000| Untracked 
| 276|0x000000009cc00000, 0x000000009cc00000, 0x000000009cd00000|  0%| F|  |TAMS 0x000000009cc00000| PB 0x000000009cc00000| Untracked 
| 277|0x000000009cd00000, 0x000000009cd00000, 0x000000009ce00000|  0%| F|  |TAMS 0x000000009cd00000| PB 0x000000009cd00000| Untracked 
| 278|0x000000009ce00000, 0x000000009ce00000, 0x000000009cf00000|  0%| F|  |TAMS 0x000000009ce00000| PB 0x000000009ce00000| Untracked 
| 279|0x000000009cf00000, 0x000000009cf00000, 0x000000009d000000|  0%| F|  |TAMS 0x000000009cf00000| PB 0x000000009cf00000| Untracked 
| 280|0x000000009d000000, 0x000000009d000000, 0x000000009d100000|  0%| F|  |TAMS 0x000000009d000000| PB 0x000000009d000000| Untracked 
| 281|0x000000009d100000, 0x000000009d100000, 0x000000009d200000|  0%| F|  |TAMS 0x000000009d100000| PB 0x000000009d100000| Untracked 
| 282|0x000000009d200000, 0x000000009d200000, 0x000000009d300000|  0%| F|  |TAMS 0x000000009d200000| PB 0x000000009d200000| Untracked 
| 283|0x000000009d300000, 0x000000009d300000, 0x000000009d400000|  0%| F|  |TAMS 0x000000009d300000| PB 0x000000009d300000| Untracked 
| 284|0x000000009d400000, 0x000000009d400000, 0x000000009d500000|  0%| F|  |TAMS 0x000000009d400000| PB 0x000000009d400000| Untracked 
| 285|0x000000009d500000, 0x000000009d500000, 0x000000009d600000|  0%| F|  |TAMS 0x000000009d500000| PB 0x000000009d500000| Untracked 
| 286|0x000000009d600000, 0x000000009d600000, 0x000000009d700000|  0%| F|  |TAMS 0x000000009d600000| PB 0x000000009d600000| Untracked 
| 287|0x000000009d700000, 0x000000009d700000, 0x000000009d800000|  0%| F|  |TAMS 0x000000009d700000| PB 0x000000009d700000| Untracked 
| 288|0x000000009d800000, 0x000000009d800000, 0x000000009d900000|  0%| F|  |TAMS 0x000000009d800000| PB 0x000000009d800000| Untracked 
| 289|0x000000009d900000, 0x000000009d900000, 0x000000009da00000|  0%| F|  |TAMS 0x000000009d900000| PB 0x000000009d900000| Untracked 
| 290|0x000000009da00000, 0x000000009da00000, 0x000000009db00000|  0%| F|  |TAMS 0x000000009da00000| PB 0x000000009da00000| Untracked 
| 291|0x000000009db00000, 0x000000009db00000, 0x000000009dc00000|  0%| F|  |TAMS 0x000000009db00000| PB 0x000000009db00000| Untracked 
| 292|0x000000009dc00000, 0x000000009dc00000, 0x000000009dd00000|  0%| F|  |TAMS 0x000000009dc00000| PB 0x000000009dc00000| Untracked 
| 293|0x000000009dd00000, 0x000000009dd00000, 0x000000009de00000|  0%| F|  |TAMS 0x000000009dd00000| PB 0x000000009dd00000| Untracked 
| 294|0x000000009de00000, 0x000000009de00000, 0x000000009df00000|  0%| F|  |TAMS 0x000000009de00000| PB 0x000000009de00000| Untracked 
| 295|0x000000009df00000, 0x000000009df00000, 0x000000009e000000|  0%| F|  |TAMS 0x000000009df00000| PB 0x000000009df00000| Untracked 
| 296|0x000000009e000000, 0x000000009e000000, 0x000000009e100000|  0%| F|  |TAMS 0x000000009e000000| PB 0x000000009e000000| Untracked 
| 297|0x000000009e100000, 0x000000009e100000, 0x000000009e200000|  0%| F|  |TAMS 0x000000009e100000| PB 0x000000009e100000| Untracked 
| 298|0x000000009e200000, 0x000000009e200000, 0x000000009e300000|  0%| F|  |TAMS 0x000000009e200000| PB 0x000000009e200000| Untracked 
| 299|0x000000009e300000, 0x000000009e300000, 0x000000009e400000|  0%| F|  |TAMS 0x000000009e300000| PB 0x000000009e300000| Untracked 
| 300|0x000000009e400000, 0x000000009e400000, 0x000000009e500000|  0%| F|  |TAMS 0x000000009e400000| PB 0x000000009e400000| Untracked 
| 301|0x000000009e500000, 0x000000009e500000, 0x000000009e600000|  0%| F|  |TAMS 0x000000009e500000| PB 0x000000009e500000| Untracked 
| 302|0x000000009e600000, 0x000000009e600000, 0x000000009e700000|  0%| F|  |TAMS 0x000000009e600000| PB 0x000000009e600000| Untracked 
| 303|0x000000009e700000, 0x000000009e700000, 0x000000009e800000|  0%| F|  |TAMS 0x000000009e700000| PB 0x000000009e700000| Untracked 
| 304|0x000000009e800000, 0x000000009e800000, 0x000000009e900000|  0%| F|  |TAMS 0x000000009e800000| PB 0x000000009e800000| Untracked 
| 305|0x000000009e900000, 0x000000009e900000, 0x000000009ea00000|  0%| F|  |TAMS 0x000000009e900000| PB 0x000000009e900000| Untracked 
| 306|0x000000009ea00000, 0x000000009ea00000, 0x000000009eb00000|  0%| F|  |TAMS 0x000000009ea00000| PB 0x000000009ea00000| Untracked 
| 307|0x000000009eb00000, 0x000000009eb00000, 0x000000009ec00000|  0%| F|  |TAMS 0x000000009eb00000| PB 0x000000009eb00000| Untracked 
| 308|0x000000009ec00000, 0x000000009ec00000, 0x000000009ed00000|  0%| F|  |TAMS 0x000000009ec00000| PB 0x000000009ec00000| Untracked 
| 309|0x000000009ed00000, 0x000000009ed00000, 0x000000009ee00000|  0%| F|  |TAMS 0x000000009ed00000| PB 0x000000009ed00000| Untracked 
| 310|0x000000009ee00000, 0x000000009ee00000, 0x000000009ef00000|  0%| F|  |TAMS 0x000000009ee00000| PB 0x000000009ee00000| Untracked 
| 311|0x000000009ef00000, 0x000000009ef00000, 0x000000009f000000|  0%| F|  |TAMS 0x000000009ef00000| PB 0x000000009ef00000| Untracked 
| 312|0x000000009f000000, 0x000000009f000000, 0x000000009f100000|  0%| F|  |TAMS 0x000000009f000000| PB 0x000000009f000000| Untracked 
| 313|0x000000009f100000, 0x000000009f100000, 0x000000009f200000|  0%| F|  |TAMS 0x000000009f100000| PB 0x000000009f100000| Untracked 
| 314|0x000000009f200000, 0x000000009f200000, 0x000000009f300000|  0%| F|  |TAMS 0x000000009f200000| PB 0x000000009f200000| Untracked 
| 315|0x000000009f300000, 0x000000009f300000, 0x000000009f400000|  0%| F|  |TAMS 0x000000009f300000| PB 0x000000009f300000| Untracked 
| 316|0x000000009f400000, 0x000000009f400000, 0x000000009f500000|  0%| F|  |TAMS 0x000000009f400000| PB 0x000000009f400000| Untracked 
| 317|0x000000009f500000, 0x000000009f500000, 0x000000009f600000|  0%| F|  |TAMS 0x000000009f500000| PB 0x000000009f500000| Untracked 
| 318|0x000000009f600000, 0x000000009f600000, 0x000000009f700000|  0%| F|  |TAMS 0x000000009f600000| PB 0x000000009f600000| Untracked 
| 319|0x000000009f700000, 0x000000009f700000, 0x000000009f800000|  0%| F|  |TAMS 0x000000009f700000| PB 0x000000009f700000| Untracked 
| 320|0x000000009f800000, 0x000000009f800000, 0x000000009f900000|  0%| F|  |TAMS 0x000000009f800000| PB 0x000000009f800000| Untracked 
| 321|0x000000009f900000, 0x000000009f900000, 0x000000009fa00000|  0%| F|  |TAMS 0x000000009f900000| PB 0x000000009f900000| Untracked 
| 322|0x000000009fa00000, 0x000000009fa00000, 0x000000009fb00000|  0%| F|  |TAMS 0x000000009fa00000| PB 0x000000009fa00000| Untracked 
| 323|0x000000009fb00000, 0x000000009fb00000, 0x000000009fc00000|  0%| F|  |TAMS 0x000000009fb00000| PB 0x000000009fb00000| Untracked 
| 324|0x000000009fc00000, 0x000000009fc00000, 0x000000009fd00000|  0%| F|  |TAMS 0x000000009fc00000| PB 0x000000009fc00000| Untracked 
| 325|0x000000009fd00000, 0x000000009fd00000, 0x000000009fe00000|  0%| F|  |TAMS 0x000000009fd00000| PB 0x000000009fd00000| Untracked 
| 326|0x000000009fe00000, 0x000000009fe00000, 0x000000009ff00000|  0%| F|  |TAMS 0x000000009fe00000| PB 0x000000009fe00000| Untracked 
| 327|0x000000009ff00000, 0x000000009ff00000, 0x00000000a0000000|  0%| F|  |TAMS 0x000000009ff00000| PB 0x000000009ff00000| Untracked 
| 328|0x00000000a0000000, 0x00000000a0000000, 0x00000000a0100000|  0%| F|  |TAMS 0x00000000a0000000| PB 0x00000000a0000000| Untracked 
| 329|0x00000000a0100000, 0x00000000a0100000, 0x00000000a0200000|  0%| F|  |TAMS 0x00000000a0100000| PB 0x00000000a0100000| Untracked 
| 330|0x00000000a0200000, 0x00000000a0200000, 0x00000000a0300000|  0%| F|  |TAMS 0x00000000a0200000| PB 0x00000000a0200000| Untracked 
| 331|0x00000000a0300000, 0x00000000a0300000, 0x00000000a0400000|  0%| F|  |TAMS 0x00000000a0300000| PB 0x00000000a0300000| Untracked 
| 332|0x00000000a0400000, 0x00000000a0400000, 0x00000000a0500000|  0%| F|  |TAMS 0x00000000a0400000| PB 0x00000000a0400000| Untracked 
| 333|0x00000000a0500000, 0x00000000a0500000, 0x00000000a0600000|  0%| F|  |TAMS 0x00000000a0500000| PB 0x00000000a0500000| Untracked 
| 334|0x00000000a0600000, 0x00000000a0600000, 0x00000000a0700000|  0%| F|  |TAMS 0x00000000a0600000| PB 0x00000000a0600000| Untracked 
| 335|0x00000000a0700000, 0x00000000a0700000, 0x00000000a0800000|  0%| F|  |TAMS 0x00000000a0700000| PB 0x00000000a0700000| Untracked 
| 336|0x00000000a0800000, 0x00000000a0800000, 0x00000000a0900000|  0%| F|  |TAMS 0x00000000a0800000| PB 0x00000000a0800000| Untracked 
| 337|0x00000000a0900000, 0x00000000a0980a58, 0x00000000a0a00000| 50%| E|  |TAMS 0x00000000a0900000| PB 0x00000000a0900000| Complete 
| 338|0x00000000a0a00000, 0x00000000a0b00000, 0x00000000a0b00000|100%| E|CS|TAMS 0x00000000a0a00000| PB 0x00000000a0a00000| Complete 
| 339|0x00000000a0b00000, 0x00000000a0c00000, 0x00000000a0c00000|100%| E|CS|TAMS 0x00000000a0b00000| PB 0x00000000a0b00000| Complete 
| 340|0x00000000a0c00000, 0x00000000a0d00000, 0x00000000a0d00000|100%| E|CS|TAMS 0x00000000a0c00000| PB 0x00000000a0c00000| Complete 
| 341|0x00000000a0d00000, 0x00000000a0e00000, 0x00000000a0e00000|100%| E|CS|TAMS 0x00000000a0d00000| PB 0x00000000a0d00000| Complete 
| 342|0x00000000a0e00000, 0x00000000a0f00000, 0x00000000a0f00000|100%| E|CS|TAMS 0x00000000a0e00000| PB 0x00000000a0e00000| Complete 
| 343|0x00000000a0f00000, 0x00000000a1000000, 0x00000000a1000000|100%| E|CS|TAMS 0x00000000a0f00000| PB 0x00000000a0f00000| Complete 
| 344|0x00000000a1000000, 0x00000000a1100000, 0x00000000a1100000|100%| E|CS|TAMS 0x00000000a1000000| PB 0x00000000a1000000| Complete 
| 345|0x00000000a1100000, 0x00000000a1200000, 0x00000000a1200000|100%| E|CS|TAMS 0x00000000a1100000| PB 0x00000000a1100000| Complete 
| 346|0x00000000a1200000, 0x00000000a1300000, 0x00000000a1300000|100%| E|CS|TAMS 0x00000000a1200000| PB 0x00000000a1200000| Complete 
| 347|0x00000000a1300000, 0x00000000a1400000, 0x00000000a1400000|100%| E|CS|TAMS 0x00000000a1300000| PB 0x00000000a1300000| Complete 
| 348|0x00000000a1400000, 0x00000000a1500000, 0x00000000a1500000|100%| E|CS|TAMS 0x00000000a1400000| PB 0x00000000a1400000| Complete 
| 349|0x00000000a1500000, 0x00000000a1600000, 0x00000000a1600000|100%| E|CS|TAMS 0x00000000a1500000| PB 0x00000000a1500000| Complete 
| 350|0x00000000a1600000, 0x00000000a1700000, 0x00000000a1700000|100%| E|CS|TAMS 0x00000000a1600000| PB 0x00000000a1600000| Complete 
| 351|0x00000000a1700000, 0x00000000a1800000, 0x00000000a1800000|100%| E|CS|TAMS 0x00000000a1700000| PB 0x00000000a1700000| Complete 
|1854|0x00000000ff600000, 0x00000000ff700000, 0x00000000ff700000|100%| O|  |TAMS 0x00000000ff700000| PB 0x00000000ff700000| Updating 
|1855|0x00000000ff700000, 0x00000000ff800000, 0x00000000ff800000|100%| E|CS|TAMS 0x00000000ff700000| PB 0x00000000ff700000| Complete 
|1856|0x00000000ff800000, 0x00000000ff900000, 0x00000000ff900000|100%| O|  |TAMS 0x00000000ff900000| PB 0x00000000ff900000| Untracked 
|1857|0x00000000ff900000, 0x00000000ffa00000, 0x00000000ffa00000|100%| O|  |TAMS 0x00000000ffa00000| PB 0x00000000ffa00000| Untracked 
|1858|0x00000000ffa00000, 0x00000000ffb00000, 0x00000000ffb00000|100%| O|  |TAMS 0x00000000ffb00000| PB 0x00000000ffb00000| Untracked 
|1859|0x00000000ffb00000, 0x00000000ffc00000, 0x00000000ffc00000|100%| O|  |TAMS 0x00000000ffc00000| PB 0x00000000ffc00000| Untracked 
|1860|0x00000000ffc00000, 0x00000000ffd00000, 0x00000000ffd00000|100%| O|  |TAMS 0x00000000ffd00000| PB 0x00000000ffd00000| Untracked 
|1861|0x00000000ffd00000, 0x00000000ffe00000, 0x00000000ffe00000|100%| O|  |TAMS 0x00000000ffe00000| PB 0x00000000ffe00000| Untracked 
|1862|0x00000000ffe00000, 0x00000000fff00000, 0x00000000fff00000|100%| O|  |TAMS 0x00000000fff00000| PB 0x00000000fff00000| Untracked 
|1863|0x00000000fff00000, 0x0000000100000000, 0x0000000100000000|100%| O|  |TAMS 0x0000000100000000| PB 0x0000000100000000| Untracked 

Card table byte_map: [0x000001c9584b0000,0x000001c958860000] _byte_map_base: 0x000001c958054000

Marking Bits: (CMBitMap*) 0x000001c94076bb50
 Bits: [0x000001c958860000, 0x000001c95a580000)

Polling page: 0x000001c93fea0000

Metaspace:

Usage:
  Non-class:     75.02 MB used.
      Class:      8.33 MB used.
       Both:     83.35 MB used.

Virtual space:
  Non-class space:      128.00 MB reserved,      75.25 MB ( 59%) committed,  2 nodes.
      Class space:        1.00 GB reserved,       8.56 MB ( <1%) committed,  1 nodes.
             Both:        1.12 GB reserved,      83.81 MB (  7%) committed. 

Chunk freelists:
   Non-Class:  4.70 MB
       Class:  7.34 MB
        Both:  12.05 MB

MaxMetaspaceSize: unlimited
CompressedClassSpaceSize: 1.00 GB
Initial GC threshold: 21.00 MB
Current GC threshold: 119.00 MB
CDS: on
 - commit_granule_bytes: 65536.
 - commit_granule_words: 8192.
 - virtual_space_node_default_size: 8388608.
 - enlarge_chunks_in_place: 1.
 - use_allocation_guard: 0.


Internal statistics:

num_allocs_failed_limit: 6.
num_arena_births: 506.
num_arena_deaths: 0.
num_vsnodes_births: 3.
num_vsnodes_deaths: 0.
num_space_committed: 1339.
num_space_uncommitted: 0.
num_chunks_returned_to_freelist: 6.
num_chunks_taken_from_freelist: 3463.
num_chunk_merges: 6.
num_chunk_splits: 2847.
num_chunks_enlarged: 2543.
num_inconsistent_stats: 0.

CodeHeap 'non-profiled nmethods': size=120000Kb used=8991Kb max_used=9949Kb free=111008Kb
 bounds [0x000001c9508a0000, 0x000001c951260000, 0x000001c957dd0000]
CodeHeap 'profiled nmethods': size=120000Kb used=60411Kb max_used=65392Kb free=59588Kb
 bounds [0x000001c948dd0000, 0x000001c94cdb0000, 0x000001c950300000]
CodeHeap 'non-nmethods': size=5760Kb used=1882Kb max_used=1931Kb free=3877Kb
 bounds [0x000001c950300000, 0x000001c950570000, 0x000001c9508a0000]
 total_blobs=17952 nmethods=17094 adapters=755
 compilation: enabled
              stopped_count=0, restarted_count=0
 full_count=0

Compilation events (20 events):
Event: 61.322 Thread 0x000001c95cfd2b60 23280       3       org.jetbrains.org.objectweb.asm.Frame::<init> (10 bytes)
Event: 61.322 Thread 0x000001c95cfd2b60 nmethod 23280 0x000001c94cda7e10 code [0x000001c94cda7fc0, 0x000001c94cda8178]
Event: 61.322 Thread 0x000001c95cfd2b60 23282       3       org.jetbrains.kotlin.backend.jvm.codegen.AnnotationCodegen::generateTypeAnnotations$backend_jvm_codegen (346 bytes)
Event: 61.323 Thread 0x000001c95cfbd8e0 nmethod 23261 0x000001c951254990 code [0x000001c951254c00, 0x000001c9512554d8]
Event: 61.323 Thread 0x000001c95cfbd8e0 23288       4       org.jetbrains.kotlin.fir.lazy.AbstractFir2IrLazyFunction::isSuspend (20 bytes)
Event: 61.324 Thread 0x000001c95cfd2b60 nmethod 23282 0x000001c94cda8210 code [0x000001c94cda87a0, 0x000001c94cdab6f8]
Event: 61.324 Thread 0x000001c95cfd2b60 23279       3       org.jetbrains.kotlin.backend.jvm.codegen.FunctionCodegenKt::access$isSyntheticMarkerParameter (5 bytes)
Event: 61.325 Thread 0x000001c95cfd2b60 nmethod 23279 0x000001c94cdac410 code [0x000001c94cdac660, 0x000001c94cdace80]
Event: 61.325 Thread 0x000001c95cfd2b60 23284       1       org.jetbrains.kotlin.backend.jvm.JvmBackendContext::getDefaultTypeMapper (5 bytes)
Event: 61.325 Thread 0x000001c95cfd2b60 nmethod 23284 0x000001c951255b10 code [0x000001c951255ca0, 0x000001c951255d68]
Event: 61.325 Thread 0x000001c95cfd2b60 23287       1       org.jetbrains.kotlin.backend.jvm.codegen.IrExpressionLambdaImpl::getNonRegularParametersCount (5 bytes)
Event: 61.325 Thread 0x000001c95cfd2b60 nmethod 23287 0x000001c951255e10 code [0x000001c951255fa0, 0x000001c951256068]
Event: 61.326 Thread 0x000001c95cfbd8e0 nmethod 23288 0x000001c951256110 code [0x000001c9512562c0, 0x000001c951256420]
Event: 61.326 Thread 0x000001c95cfbd8e0 23231       4       org.jetbrains.org.objectweb.asm.ByteVector::putShort (52 bytes)
Event: 61.328 Thread 0x000001c95cfbd8e0 nmethod 23231 0x000001c951256590 code [0x000001c951256740, 0x000001c951256900]
Event: 61.328 Thread 0x000001c95cfbd8e0 23232       4       org.jetbrains.org.objectweb.asm.ByteVector::putByte (39 bytes)
Event: 61.330 Thread 0x000001c95cfbd8e0 nmethod 23232 0x000001c951256a90 code [0x000001c951256c20, 0x000001c951256d88]
Event: 61.330 Thread 0x000001c95cfbd8e0 23286       4       org.jetbrains.kotlin.ir.util.IrTypeErasureUtilsKt::eraseIfTypeParameter (75 bytes)
Event: 61.331 Thread 0x000001c95cfbd8e0 nmethod 23286 0x000001c951256e90 code [0x000001c951257060, 0x000001c951257250]
Event: 61.332 Thread 0x000001c95cfbd8e0 23230       4       org.jetbrains.org.objectweb.asm.Frame::execute (2322 bytes)

GC Heap History (20 events):
Event: 32.332 GC heap before
{Heap before GC invocations=30 (full 0):
 garbage-first heap   total 247808K, used 217998K [0x000000008b800000, 0x0000000100000000)
  region size 1024K, 70 young (71680K), 9 survivors (9216K)
 Metaspace       used 52577K, committed 52992K, reserved 1114112K
  class space    used 5702K, committed 5888K, reserved 1048576K
}
Event: 32.347 GC heap after
{Heap after GC invocations=31 (full 0):
 garbage-first heap   total 247808K, used 163342K [0x000000008b800000, 0x0000000100000000)
  region size 1024K, 9 young (9216K), 9 survivors (9216K)
 Metaspace       used 52577K, committed 52992K, reserved 1114112K
  class space    used 5702K, committed 5888K, reserved 1048576K
}
Event: 34.502 GC heap before
{Heap before GC invocations=32 (full 0):
 garbage-first heap   total 273408K, used 221710K [0x000000008b800000, 0x0000000100000000)
  region size 1024K, 66 young (67584K), 9 survivors (9216K)
 Metaspace       used 55838K, committed 56256K, reserved 1114112K
  class space    used 6120K, committed 6272K, reserved 1048576K
}
Event: 34.513 GC heap after
{Heap after GC invocations=33 (full 0):
 garbage-first heap   total 273408K, used 168698K [0x000000008b800000, 0x0000000100000000)
  region size 1024K, 5 young (5120K), 5 survivors (5120K)
 Metaspace       used 55838K, committed 56256K, reserved 1114112K
  class space    used 6120K, committed 6272K, reserved 1048576K
}
Event: 42.185 GC heap before
{Heap before GC invocations=33 (full 0):
 garbage-first heap   total 273408K, used 246522K [0x000000008b800000, 0x0000000100000000)
  region size 1024K, 81 young (82944K), 5 survivors (5120K)
 Metaspace       used 60030K, committed 60480K, reserved 1114112K
  class space    used 6421K, committed 6592K, reserved 1048576K
}
Event: 42.198 GC heap after
{Heap after GC invocations=34 (full 0):
 garbage-first heap   total 273408K, used 176128K [0x000000008b800000, 0x0000000100000000)
  region size 1024K, 11 young (11264K), 11 survivors (11264K)
 Metaspace       used 60030K, committed 60480K, reserved 1114112K
  class space    used 6421K, committed 6592K, reserved 1048576K
}
Event: 45.077 GC heap before
{Heap before GC invocations=34 (full 0):
 garbage-first heap   total 273408K, used 244736K [0x000000008b800000, 0x0000000100000000)
  region size 1024K, 78 young (79872K), 11 survivors (11264K)
 Metaspace       used 61977K, committed 62336K, reserved 1114112K
  class space    used 6570K, committed 6720K, reserved 1048576K
}
Event: 45.094 GC heap after
{Heap after GC invocations=35 (full 0):
 garbage-first heap   total 273408K, used 186168K [0x000000008b800000, 0x0000000100000000)
  region size 1024K, 9 young (9216K), 9 survivors (9216K)
 Metaspace       used 61977K, committed 62336K, reserved 1114112K
  class space    used 6570K, committed 6720K, reserved 1048576K
}
Event: 49.836 GC heap before
{Heap before GC invocations=36 (full 0):
 garbage-first heap   total 311296K, used 247608K [0x000000008b800000, 0x0000000100000000)
  region size 1024K, 69 young (70656K), 9 survivors (9216K)
 Metaspace       used 67492K, committed 67904K, reserved 1114112K
  class space    used 7020K, committed 7168K, reserved 1048576K
}
Event: 49.858 GC heap after
{Heap after GC invocations=37 (full 0):
 garbage-first heap   total 311296K, used 197632K [0x000000008b800000, 0x0000000100000000)
  region size 1024K, 9 young (9216K), 9 survivors (9216K)
 Metaspace       used 67492K, committed 67904K, reserved 1114112K
  class space    used 7020K, committed 7168K, reserved 1048576K
}
Event: 52.288 GC heap before
{Heap before GC invocations=37 (full 0):
 garbage-first heap   total 311296K, used 275456K [0x000000008b800000, 0x0000000100000000)
  region size 1024K, 85 young (87040K), 9 survivors (9216K)
 Metaspace       used 70915K, committed 71296K, reserved 1114112K
  class space    used 7311K, committed 7488K, reserved 1048576K
}
Event: 52.310 GC heap after
{Heap after GC invocations=38 (full 0):
 garbage-first heap   total 311296K, used 210215K [0x000000008b800000, 0x0000000100000000)
  region size 1024K, 11 young (11264K), 11 survivors (11264K)
 Metaspace       used 70915K, committed 71296K, reserved 1114112K
  class space    used 7311K, committed 7488K, reserved 1048576K
}
Event: 54.009 GC heap before
{Heap before GC invocations=38 (full 0):
 garbage-first heap   total 311296K, used 277799K [0x000000008b800000, 0x0000000100000000)
  region size 1024K, 77 young (78848K), 11 survivors (11264K)
 Metaspace       used 72636K, committed 73024K, reserved 1179648K
  class space    used 7455K, committed 7616K, reserved 1048576K
}
Event: 54.026 GC heap after
{Heap after GC invocations=39 (full 0):
 garbage-first heap   total 311296K, used 221874K [0x000000008b800000, 0x0000000100000000)
  region size 1024K, 10 young (10240K), 10 survivors (10240K)
 Metaspace       used 72636K, committed 73024K, reserved 1179648K
  class space    used 7455K, committed 7616K, reserved 1048576K
}
Event: 55.607 GC heap before
{Heap before GC invocations=40 (full 0):
 garbage-first heap   total 370688K, used 281266K [0x000000008b800000, 0x0000000100000000)
  region size 1024K, 68 young (69632K), 10 survivors (10240K)
 Metaspace       used 76156K, committed 76544K, reserved 1179648K
  class space    used 7803K, committed 8000K, reserved 1048576K
}
Event: 55.623 GC heap after
{Heap after GC invocations=41 (full 0):
 garbage-first heap   total 370688K, used 228186K [0x000000008b800000, 0x0000000100000000)
  region size 1024K, 6 young (6144K), 6 survivors (6144K)
 Metaspace       used 76156K, committed 76544K, reserved 1179648K
  class space    used 7803K, committed 8000K, reserved 1048576K
}
Event: 58.847 GC heap before
{Heap before GC invocations=41 (full 0):
 garbage-first heap   total 370688K, used 324442K [0x000000008b800000, 0x0000000100000000)
  region size 1024K, 100 young (102400K), 6 survivors (6144K)
 Metaspace       used 79837K, committed 80320K, reserved 1179648K
  class space    used 8100K, committed 8320K, reserved 1048576K
}
Event: 58.861 GC heap after
{Heap after GC invocations=42 (full 0):
 garbage-first heap   total 370688K, used 233675K [0x000000008b800000, 0x0000000100000000)
  region size 1024K, 13 young (13312K), 13 survivors (13312K)
 Metaspace       used 79837K, committed 80320K, reserved 1179648K
  class space    used 8100K, committed 8320K, reserved 1048576K
}
Event: 61.059 GC heap before
{Heap before GC invocations=42 (full 0):
 garbage-first heap   total 370688K, used 335051K [0x000000008b800000, 0x0000000100000000)
  region size 1024K, 112 young (114688K), 13 survivors (13312K)
 Metaspace       used 85291K, committed 85760K, reserved 1179648K
  class space    used 8527K, committed 8768K, reserved 1048576K
}
Event: 61.078 GC heap after
{Heap after GC invocations=43 (full 0):
 garbage-first heap   total 370688K, used 241142K [0x000000008b800000, 0x0000000100000000)
  region size 1024K, 14 young (14336K), 14 survivors (14336K)
 Metaspace       used 85291K, committed 85760K, reserved 1179648K
  class space    used 8527K, committed 8768K, reserved 1048576K
}

Dll operation events (9 events):
Event: 0.106 Loaded shared library C:\Users\Asus\.gradle\jdks\eclipse_adoptium-21-amd64-windows.2\bin\java.dll
Event: 0.395 Loaded shared library C:\Users\Asus\.gradle\jdks\eclipse_adoptium-21-amd64-windows.2\bin\jsvml.dll
Event: 0.499 Loaded shared library C:\Users\Asus\.gradle\jdks\eclipse_adoptium-21-amd64-windows.2\bin\net.dll
Event: 0.508 Loaded shared library C:\Users\Asus\.gradle\jdks\eclipse_adoptium-21-amd64-windows.2\bin\nio.dll
Event: 0.552 Loaded shared library C:\Users\Asus\.gradle\jdks\eclipse_adoptium-21-amd64-windows.2\bin\zip.dll
Event: 0.657 Loaded shared library C:\Users\Asus\.gradle\jdks\eclipse_adoptium-21-amd64-windows.2\bin\jimage.dll
Event: 2.148 Loaded shared library C:\Users\Asus\.gradle\jdks\eclipse_adoptium-21-amd64-windows.2\bin\management.dll
Event: 2.170 Loaded shared library C:\Users\Asus\.gradle\jdks\eclipse_adoptium-21-amd64-windows.2\bin\management_ext.dll
Event: 8.453 Loaded shared library C:\Users\Asus\.gradle\jdks\eclipse_adoptium-21-amd64-windows.2\bin\verify.dll

Deoptimization events (20 events):
Event: 61.235 Thread 0x000001c93e4609b0 DEOPT PACKING pc=0x000001c94ccf7971 sp=0x00000018b8dfe030
Event: 61.235 Thread 0x000001c93e4609b0 DEOPT UNPACKING pc=0x000001c950354e42 sp=0x00000018b8dfd500 mode 0
Event: 61.235 Thread 0x000001c93e4609b0 DEOPT PACKING pc=0x000001c94ccf7971 sp=0x00000018b8dfe030
Event: 61.235 Thread 0x000001c93e4609b0 DEOPT UNPACKING pc=0x000001c950354e42 sp=0x00000018b8dfd500 mode 0
Event: 61.235 Thread 0x000001c93e4609b0 DEOPT PACKING pc=0x000001c94ccf7971 sp=0x00000018b8dfe030
Event: 61.235 Thread 0x000001c93e4609b0 DEOPT UNPACKING pc=0x000001c950354e42 sp=0x00000018b8dfd500 mode 0
Event: 61.236 Thread 0x000001c93e4609b0 DEOPT PACKING pc=0x000001c94ccf7971 sp=0x00000018b8dfe030
Event: 61.236 Thread 0x000001c93e4609b0 DEOPT UNPACKING pc=0x000001c950354e42 sp=0x00000018b8dfd500 mode 0
Event: 61.236 Thread 0x000001c93e4609b0 DEOPT PACKING pc=0x000001c94ccf7971 sp=0x00000018b8dfe030
Event: 61.236 Thread 0x000001c93e4609b0 DEOPT UNPACKING pc=0x000001c950354e42 sp=0x00000018b8dfd500 mode 0
Event: 61.236 Thread 0x000001c93e4609b0 DEOPT PACKING pc=0x000001c94ccf7971 sp=0x00000018b8dfe030
Event: 61.236 Thread 0x000001c93e4609b0 DEOPT UNPACKING pc=0x000001c950354e42 sp=0x00000018b8dfd500 mode 0
Event: 61.244 Thread 0x000001c93e4609b0 Uncommon trap: trap_request=0xffffff45 fr.pc=0x000001c950faa6c8 relative=0x00000000000008c8
Event: 61.244 Thread 0x000001c93e4609b0 Uncommon trap: reason=unstable_if action=reinterpret pc=0x000001c950faa6c8 method=org.jetbrains.kotlin.metadata.ProtoBuf$Type.isInitialized()Z @ 7 c2
Event: 61.244 Thread 0x000001c93e4609b0 DEOPT PACKING pc=0x000001c950faa6c8 sp=0x00000018b8dfd810
Event: 61.244 Thread 0x000001c93e4609b0 DEOPT UNPACKING pc=0x000001c9503546a2 sp=0x00000018b8dfd770 mode 2
Event: 61.257 Thread 0x000001c93e4609b0 Uncommon trap: trap_request=0xffffff45 fr.pc=0x000001c951222e58 relative=0x0000000000003d58
Event: 61.257 Thread 0x000001c93e4609b0 Uncommon trap: reason=unstable_if action=reinterpret pc=0x000001c951222e58 method=org.jetbrains.kotlin.codegen.optimization.common.FastAnalyzer.initLocals(Lorg/jetbrains/org/objectweb/asm/tree/analysis/Frame;)V @ 44 c2
Event: 61.258 Thread 0x000001c93e4609b0 DEOPT PACKING pc=0x000001c951222e58 sp=0x00000018b8dfdef0
Event: 61.258 Thread 0x000001c93e4609b0 DEOPT UNPACKING pc=0x000001c9503546a2 sp=0x00000018b8dfde78 mode 2

Classes loaded (20 events):
Event: 56.145 Loading class sun/security/jca/GetInstance$Instance
Event: 56.145 Loading class sun/security/jca/GetInstance$Instance done
Event: 56.145 Loading class java/security/MessageDigest$Delegate
Event: 56.145 Loading class sun/security/util/MessageDigestSpi2
Event: 56.145 Loading class sun/security/util/MessageDigestSpi2 done
Event: 56.146 Loading class java/security/MessageDigest$Delegate done
Event: 56.146 Loading class java/security/MessageDigest$Delegate$CloneableDelegate
Event: 56.146 Loading class java/security/MessageDigest$Delegate$CloneableDelegate done
Event: 56.146 Loading class sun/security/provider/ByteArrayAccess
Event: 56.146 Loading class sun/security/provider/ByteArrayAccess done
Event: 56.146 Loading class sun/security/provider/ByteArrayAccess$LE
Event: 56.146 Loading class sun/security/provider/ByteArrayAccess$LE done
Event: 56.149 Loading class java/util/Base64
Event: 56.149 Loading class java/util/Base64 done
Event: 56.149 Loading class java/util/Base64$Encoder
Event: 56.150 Loading class java/util/Base64$Encoder done
Event: 59.088 Loading class java/lang/TypeNotPresentException
Event: 59.089 Loading class java/lang/TypeNotPresentException done
Event: 59.424 Loading class java/util/Vector$Itr
Event: 59.424 Loading class java/util/Vector$Itr done

Classes unloaded (0 events):
No events

Classes redefined (0 events):
No events

Internal exceptions (20 events):
Event: 55.694 Thread 0x000001c93e4609b0 Exception <a 'java/lang/NoSuchMethodError'{0x00000000a17bba88}: 'java.lang.Object java.lang.invoke.DirectMethodHandle$Holder.newInvokeSpecial(java.lang.Object, java.lang.Object, java.lang.Object, java.lang.Object, java.lang.Object, int, int)'> (0x00000000a17bba88) 
thrown [s\src\hotspot\share\interpreter\linkResolver.cpp, line 773]
Event: 55.695 Thread 0x000001c93e4609b0 Exception <a 'java/lang/NoSuchMethodError'{0x00000000a17c3530}: 'java.lang.Object java.lang.invoke.Invokers$Holder.linkToTargetMethod(java.lang.Object, java.lang.Object, java.lang.Object, java.lang.Object, int, int, java.lang.Object)'> (0x00000000a17c3530) 
thrown [s\src\hotspot\share\interpreter\linkResolver.cpp, line 773]
Event: 55.963 Thread 0x000001c93e4609b0 Exception <a 'java/lang/NoSuchMethodError'{0x00000000a119a7e8}: 'java.lang.Object java.lang.invoke.DirectMethodHandle$Holder.newInvokeSpecial(java.lang.Object, java.lang.Object, java.lang.Object, java.lang.Object, int, int, int, java.lang.Object)'> (0x00000000a119a7e8) 
thrown [s\src\hotspot\share\interpreter\linkResolver.cpp, line 773]
Event: 56.009 Thread 0x000001c93e4609b0 Implicit null exception at 0x000001c950ec53e0 to 0x000001c950ec54a1
Event: 56.012 Thread 0x000001c93e4609b0 Exception <a 'java/lang/NoSuchMethodError'{0x00000000a10902f8}: 'java.lang.Object java.lang.invoke.DirectMethodHandle$Holder.newInvokeSpecial(java.lang.Object, java.lang.Object, int, java.lang.Object)'> (0x00000000a10902f8) 
thrown [s\src\hotspot\share\interpreter\linkResolver.cpp, line 773]
Event: 56.013 Thread 0x000001c93e4609b0 Exception <a 'java/lang/NoSuchMethodError'{0x00000000a1094158}: 'java.lang.Object java.lang.invoke.DirectMethodHandle$Holder.invokeSpecial(java.lang.Object, java.lang.Object, java.lang.Object, int, java.lang.Object)'> (0x00000000a1094158) 
thrown [s\src\hotspot\share\interpreter\linkResolver.cpp, line 773]
Event: 56.014 Thread 0x000001c93e4609b0 Exception <a 'java/lang/NoSuchMethodError'{0x00000000a1097b28}: 'java.lang.Object java.lang.invoke.Invokers$Holder.linkToTargetMethod(java.lang.Object, int, java.lang.Object, java.lang.Object)'> (0x00000000a1097b28) 
thrown [s\src\hotspot\share\interpreter\linkResolver.cpp, line 773]
Event: 56.423 Thread 0x000001c93e4609b0 Exception <a 'java/lang/NoSuchMethodError'{0x00000000a0999790}: 'java.lang.Object java.lang.invoke.DirectMethodHandle$Holder.invokeStaticInit(java.lang.Object, java.lang.Object, int, java.lang.Object)'> (0x00000000a0999790) 
thrown [s\src\hotspot\share\interpreter\linkResolver.cpp, line 773]
Event: 58.527 Thread 0x000001c93e4609b0 Exception <a 'java/lang/NoSuchMethodError'{0x000000009be6fb50}: 'java.lang.Object java.lang.invoke.DirectMethodHandle$Holder.newInvokeSpecial(java.lang.Object, java.lang.Object, java.lang.Object, java.lang.Object, java.lang.Object, java.lang.Object, int, java.lang.Object)'> (0x000000009be6fb50) 
thrown [s\src\hotspot\share\interpreter\linkResolver.cpp, line 773]
Event: 58.527 Thread 0x000001c93e4609b0 Exception <a 'java/lang/NoSuchMethodError'{0x000000009be742c0}: 'java.lang.Object java.lang.invoke.DirectMethodHandle$Holder.invokeSpecial(java.lang.Object, java.lang.Object, java.lang.Object, java.lang.Object, java.lang.Object, java.lang.Object, java.lang.Object, int, java.lang.Object)'> (0x000000009be742c0) 
thrown [s\src\hotspot\share\interpreter\linkResolver.cpp, line 773]
Event: 58.528 Thread 0x000001c93e4609b0 Exception <a 'java/lang/NoSuchMethodError'{0x000000009be781e8}: 'java.lang.Object java.lang.invoke.Invokers$Holder.linkToTargetMethod(java.lang.Object, java.lang.Object, java.lang.Object, java.lang.Object, java.lang.Object, int, java.lang.Object, java.lang.Object)'> (0x000000009be781e8) 
thrown [s\src\hotspot\share\interpreter\linkResolver.cpp, line 773]
Event: 58.891 Thread 0x000001c93e4609b0 Implicit null exception at 0x000001c950ed2949 to 0x000001c950ed4b0c
Event: 59.239 Thread 0x000001c93e4609b0 Exception <a 'java/lang/NoSuchMethodError'{0x00000000a107deb0}: 'java.lang.Object java.lang.invoke.DirectMethodHandle$Holder.invokeStatic(java.lang.Object, int, int)'> (0x00000000a107deb0) 
thrown [s\src\hotspot\share\interpreter\linkResolver.cpp, line 773]
Event: 59.368 Thread 0x000001c93e4609b0 Exception <a 'java/lang/NoSuchMethodError'{0x00000000a0dca608}: 'java.lang.Object java.lang.invoke.DirectMethodHandle$Holder.newInvokeSpecial(java.lang.Object, java.lang.Object, java.lang.Object, java.lang.Object, java.lang.Object, int, java.lang.Object)'> (0x00000000a0dca608) 
thrown [s\src\hotspot\share\interpreter\linkResolver.cpp, line 773]
Event: 59.369 Thread 0x000001c93e4609b0 Exception <a 'java/lang/NoSuchMethodError'{0x00000000a0dce7b0}: 'java.lang.Object java.lang.invoke.DirectMethodHandle$Holder.invokeSpecial(java.lang.Object, java.lang.Object, java.lang.Object, java.lang.Object, java.lang.Object, java.lang.Object, int, java.lang.Object)'> (0x00000000a0dce7b0) 
thrown [s\src\hotspot\share\interpreter\linkResolver.cpp, line 773]
Event: 59.369 Thread 0x000001c93e4609b0 Exception <a 'java/lang/NoSuchMethodError'{0x00000000a0dd1f20}: 'java.lang.Object java.lang.invoke.Invokers$Holder.linkToTargetMethod(java.lang.Object, java.lang.Object, java.lang.Object, java.lang.Object, int, java.lang.Object, java.lang.Object)'> (0x00000000a0dd1f20) 
thrown [s\src\hotspot\share\interpreter\linkResolver.cpp, line 773]
Event: 59.922 Thread 0x000001c93e4609b0 Exception <a 'java/lang/NoSuchMethodError'{0x00000000a0105d38}: 'java.lang.Object java.lang.invoke.DirectMethodHandle$Holder.newInvokeSpecial(java.lang.Object, int, int, java.lang.Object)'> (0x00000000a0105d38) 
thrown [s\src\hotspot\share\interpreter\linkResolver.cpp, line 773]
Event: 59.924 Thread 0x000001c93e4609b0 Exception <a 'java/lang/NoSuchMethodError'{0x00000000a010cf90}: 'java.lang.Object java.lang.invoke.Invokers$Holder.linkToTargetMethod(int, int, java.lang.Object, java.lang.Object)'> (0x00000000a010cf90) 
thrown [s\src\hotspot\share\interpreter\linkResolver.cpp, line 773]
Event: 59.925 Thread 0x000001c93e4609b0 Exception <a 'java/lang/NoSuchMethodError'{0x00000000a0116cb8}: 'java.lang.Object java.lang.invoke.DirectMethodHandle$Holder.invokeStatic(java.lang.Object, java.lang.Object, int, int, java.lang.Object)'> (0x00000000a0116cb8) 
thrown [s\src\hotspot\share\interpreter\linkResolver.cpp, line 773]
Event: 60.387 Thread 0x000001c93e4609b0 Implicit null exception at 0x000001c9511b753a to 0x000001c9511bb8f4

ZGC Phase Switch (0 events):
No events

VM Operations (20 events):
Event: 59.661 Executing VM operation: HandshakeAllThreads (Deoptimize) done
Event: 59.837 Executing VM operation: HandshakeAllThreads (Deoptimize)
Event: 59.837 Executing VM operation: HandshakeAllThreads (Deoptimize) done
Event: 59.853 Executing VM operation: ICBufferFull
Event: 59.853 Executing VM operation: ICBufferFull done
Event: 60.027 Executing VM operation: ICBufferFull
Event: 60.027 Executing VM operation: ICBufferFull done
Event: 60.099 Executing VM operation: HandshakeAllThreads (HandshakeForDeflation)
Event: 60.099 Executing VM operation: HandshakeAllThreads (HandshakeForDeflation) done
Event: 60.099 Executing VM operation: RendezvousGCThreads
Event: 60.099 Executing VM operation: RendezvousGCThreads done
Event: 60.318 Executing VM operation: ICBufferFull
Event: 60.318 Executing VM operation: ICBufferFull done
Event: 60.675 Executing VM operation: ICBufferFull
Event: 60.675 Executing VM operation: ICBufferFull done
Event: 61.008 Executing VM operation: ICBufferFull
Event: 61.008 Executing VM operation: ICBufferFull done
Event: 61.059 Executing VM operation: G1CollectForAllocation (G1 Evacuation Pause)
Event: 61.078 Executing VM operation: G1CollectForAllocation (G1 Evacuation Pause) done
Event: 61.343 Executing VM operation: G1PauseRemark

Memory protections (0 events):
No events

Nmethod flushes (20 events):
Event: 61.374 Thread 0x000001c95cf9e0a0 flushing  nmethod 0x000001c94c228590
Event: 61.374 Thread 0x000001c95cf9e0a0 flushing  nmethod 0x000001c94c228f10
Event: 61.374 Thread 0x000001c95cf9e0a0 flushing  nmethod 0x000001c94c229c10
Event: 61.374 Thread 0x000001c95cf9e0a0 flushing  nmethod 0x000001c94c22bd90
Event: 61.374 Thread 0x000001c95cf9e0a0 flushing  nmethod 0x000001c94c22d710
Event: 61.374 Thread 0x000001c95cf9e0a0 flushing  nmethod 0x000001c94c22ff10
Event: 61.374 Thread 0x000001c95cf9e0a0 flushing  nmethod 0x000001c94c25e810
Event: 61.374 Thread 0x000001c95cf9e0a0 flushing  nmethod 0x000001c94c25f290
Event: 61.374 Thread 0x000001c95cf9e0a0 flushing  nmethod 0x000001c94c261d90
Event: 61.374 Thread 0x000001c95cf9e0a0 flushing  nmethod 0x000001c94c264890
Event: 61.374 Thread 0x000001c95cf9e0a0 flushing  nmethod 0x000001c94c266c10
Event: 61.374 Thread 0x000001c95cf9e0a0 flushing  nmethod 0x000001c94c27e010
Event: 61.374 Thread 0x000001c95cf9e0a0 flushing  nmethod 0x000001c94c27ec90
Event: 61.374 Thread 0x000001c95cf9e0a0 flushing  nmethod 0x000001c94c280c90
Event: 61.374 Thread 0x000001c95cf9e0a0 flushing  nmethod 0x000001c94c281090
Event: 61.374 Thread 0x000001c95cf9e0a0 flushing  nmethod 0x000001c94c281810
Event: 61.374 Thread 0x000001c95cf9e0a0 flushing  nmethod 0x000001c94c284210
Event: 61.374 Thread 0x000001c95cf9e0a0 flushing  nmethod 0x000001c94c284790
Event: 61.374 Thread 0x000001c95cf9e0a0 flushing  nmethod 0x000001c94c285390
Event: 61.374 Thread 0x000001c95cf9e0a0 flushing  nmethod 0x000001c94c28a910

Events (20 events):
Event: 0.534 Thread 0x000001c95cfbd8e0 Thread added: 0x000001c9a215d800
Event: 0.885 Thread 0x000001c9a215d800 Thread exited: 0x000001c9a215d800
Event: 1.648 Thread 0x000001c95cfbd8e0 Thread added: 0x000001c9a2428af0
Event: 1.649 Thread 0x000001c95cfbd8e0 Thread added: 0x000001c9a2429190
Event: 1.759 Thread 0x000001c9a2429190 Thread exited: 0x000001c9a2429190
Event: 1.775 Thread 0x000001c9a2428af0 Thread exited: 0x000001c9a2428af0
Event: 9.132 Thread 0x000001c95cfd2b60 Thread added: 0x000001c9a2016280
Event: 10.215 Thread 0x000001c9a2016280 Thread exited: 0x000001c9a2016280
Event: 10.416 Thread 0x000001c95cfd2b60 Thread added: 0x000001c9a35b2cd0
Event: 11.075 Thread 0x000001c9a35b2cd0 Thread exited: 0x000001c9a35b2cd0
Event: 11.424 Thread 0x000001c95cfd2b60 Thread added: 0x000001c9b211a850
Event: 11.564 Thread 0x000001c9b211a850 Thread exited: 0x000001c9b211a850
Event: 11.588 Thread 0x000001c95cfd2b60 Thread added: 0x000001c9b211a850
Event: 11.807 Thread 0x000001c9b211a850 Thread exited: 0x000001c9b211a850
Event: 58.647 Thread 0x000001c95cfd2b60 Thread added: 0x000001c9ad169b20
Event: 58.864 Thread 0x000001c95cfd2b60 Thread added: 0x000001c9ad16a8c0
Event: 59.216 Thread 0x000001c9ad169b20 Thread exited: 0x000001c9ad169b20
Event: 59.216 Thread 0x000001c9ad16a8c0 Thread exited: 0x000001c9ad16a8c0
Event: 59.340 Thread 0x000001c95cfd2b60 Thread added: 0x000001c9ad169b20
Event: 59.344 Thread 0x000001c95cfd2b60 Thread added: 0x000001c9ad16a8c0


Dynamic libraries:
0x00007ff62c870000 - 0x00007ff62c87e000 	C:\Users\Asus\.gradle\jdks\eclipse_adoptium-21-amd64-windows.2\bin\java.exe
0x00007ffbcf270000 - 0x00007ffbcf487000 	C:\Windows\SYSTEM32\ntdll.dll
0x00007ffbce6f0000 - 0x00007ffbce7b4000 	C:\Windows\System32\KERNEL32.DLL
0x00007ffbcc360000 - 0x00007ffbcc732000 	C:\Windows\System32\KERNELBASE.dll
0x00007ffbccde0000 - 0x00007ffbccef1000 	C:\Windows\System32\ucrtbase.dll
0x00007ffbc24c0000 - 0x00007ffbc24d8000 	C:\Users\Asus\.gradle\jdks\eclipse_adoptium-21-amd64-windows.2\bin\jli.dll
0x00007ffbc2510000 - 0x00007ffbc252e000 	C:\Users\Asus\.gradle\jdks\eclipse_adoptium-21-amd64-windows.2\bin\VCRUNTIME140.dll
0x00007ffbce8a0000 - 0x00007ffbcea51000 	C:\Windows\System32\USER32.dll
0x00007ffbccdb0000 - 0x00007ffbccdd6000 	C:\Windows\System32\win32u.dll
0x00007ffbcedf0000 - 0x00007ffbcee19000 	C:\Windows\System32\GDI32.dll
0x00007ffbcc8e0000 - 0x00007ffbcca03000 	C:\Windows\System32\gdi32full.dll
0x00007ffbccb50000 - 0x00007ffbccbea000 	C:\Windows\System32\msvcp_win.dll
0x00007ffbbc3a0000 - 0x00007ffbbc63b000 	C:\Windows\WinSxS\amd64_microsoft.windows.common-controls_6595b64144ccf1df_6.0.22621.5547_none_27104afb73855772\COMCTL32.dll
0x00007ffbceca0000 - 0x00007ffbced47000 	C:\Windows\System32\msvcrt.dll
0x00007ffbce100000 - 0x00007ffbce131000 	C:\Windows\System32\IMM32.DLL
0x00007ffbc4430000 - 0x00007ffbc443c000 	C:\Users\Asus\.gradle\jdks\eclipse_adoptium-21-amd64-windows.2\bin\vcruntime140_1.dll
0x00007ffb89c70000 - 0x00007ffb89cfd000 	C:\Users\Asus\.gradle\jdks\eclipse_adoptium-21-amd64-windows.2\bin\msvcp140.dll
0x00007ffb1e8d0000 - 0x00007ffb1f660000 	C:\Users\Asus\.gradle\jdks\eclipse_adoptium-21-amd64-windows.2\bin\server\jvm.dll
0x00007ffbce7c0000 - 0x00007ffbce871000 	C:\Windows\System32\ADVAPI32.dll
0x00007ffbce5c0000 - 0x00007ffbce668000 	C:\Windows\System32\sechost.dll
0x00007ffbcc8b0000 - 0x00007ffbcc8d8000 	C:\Windows\System32\bcrypt.dll
0x00007ffbcf0a0000 - 0x00007ffbcf1b4000 	C:\Windows\System32\RPCRT4.dll
0x00007ffbcd470000 - 0x00007ffbcd4e1000 	C:\Windows\System32\WS2_32.dll
0x00007ffbcbbd0000 - 0x00007ffbcbc1d000 	C:\Windows\SYSTEM32\POWRPROF.dll
0x00007ffbc8020000 - 0x00007ffbc8054000 	C:\Windows\SYSTEM32\WINMM.dll
0x00007ffbc4420000 - 0x00007ffbc442a000 	C:\Windows\SYSTEM32\VERSION.dll
0x00007ffbcbbb0000 - 0x00007ffbcbbc3000 	C:\Windows\SYSTEM32\UMPDC.dll
0x00007ffbcb390000 - 0x00007ffbcb3a8000 	C:\Windows\SYSTEM32\kernel.appcore.dll
0x00007ffbc2650000 - 0x00007ffbc265a000 	C:\Users\Asus\.gradle\jdks\eclipse_adoptium-21-amd64-windows.2\bin\jimage.dll
0x00007ffbc6b00000 - 0x00007ffbc6d33000 	C:\Windows\SYSTEM32\DBGHELP.DLL
0x00007ffbcd0c0000 - 0x00007ffbcd453000 	C:\Windows\System32\combase.dll
0x00007ffbcdda0000 - 0x00007ffbcde77000 	C:\Windows\System32\OLEAUT32.dll
0x00007ffbb3c50000 - 0x00007ffbb3c82000 	C:\Windows\SYSTEM32\dbgcore.DLL
0x00007ffbccad0000 - 0x00007ffbccb4b000 	C:\Windows\System32\bcryptPrimitives.dll
0x00007ffbc1540000 - 0x00007ffbc155f000 	C:\Users\Asus\.gradle\jdks\eclipse_adoptium-21-amd64-windows.2\bin\java.dll
0x00007ffbcd4f0000 - 0x00007ffbcdd92000 	C:\Windows\System32\SHELL32.dll
0x00007ffbccc70000 - 0x00007ffbccdaf000 	C:\Windows\System32\wintypes.dll
0x00007ffbca290000 - 0x00007ffbcabad000 	C:\Windows\SYSTEM32\windows.storage.dll
0x00007ffbcee20000 - 0x00007ffbcef2c000 	C:\Windows\System32\SHCORE.dll
0x00007ffbce680000 - 0x00007ffbce6e9000 	C:\Windows\System32\shlwapi.dll
0x00007ffbcc290000 - 0x00007ffbcc2bb000 	C:\Windows\SYSTEM32\profapi.dll
0x00007ffb88410000 - 0x00007ffb884e7000 	C:\Users\Asus\.gradle\jdks\eclipse_adoptium-21-amd64-windows.2\bin\jsvml.dll
0x00007ffbc1070000 - 0x00007ffbc1080000 	C:\Users\Asus\.gradle\jdks\eclipse_adoptium-21-amd64-windows.2\bin\net.dll
0x00007ffbc9060000 - 0x00007ffbc918c000 	C:\Windows\SYSTEM32\WINHTTP.dll
0x00007ffbcb880000 - 0x00007ffbcb8e9000 	C:\Windows\system32\mswsock.dll
0x00007ffbbaed0000 - 0x00007ffbbaee6000 	C:\Users\Asus\.gradle\jdks\eclipse_adoptium-21-amd64-windows.2\bin\nio.dll
0x00007ffbbc670000 - 0x00007ffbbc688000 	C:\Users\Asus\.gradle\jdks\eclipse_adoptium-21-amd64-windows.2\bin\zip.dll
0x00007ffbbb490000 - 0x00007ffbbb49a000 	C:\Users\Asus\.gradle\jdks\eclipse_adoptium-21-amd64-windows.2\bin\management.dll
0x00007ffbba320000 - 0x00007ffbba32b000 	C:\Users\Asus\.gradle\jdks\eclipse_adoptium-21-amd64-windows.2\bin\management_ext.dll
0x00007ffbcef30000 - 0x00007ffbcef38000 	C:\Windows\System32\PSAPI.DLL
0x00007ffbbc660000 - 0x00007ffbbc670000 	C:\Users\Asus\.gradle\jdks\eclipse_adoptium-21-amd64-windows.2\bin\verify.dll

dbghelp: loaded successfully - version: 4.0.5 - missing functions: none
symbol engine: initialized successfully - sym options: 0x614 - pdb path: .;C:\Users\Asus\.gradle\jdks\eclipse_adoptium-21-amd64-windows.2\bin;C:\Windows\SYSTEM32;C:\Windows\WinSxS\amd64_microsoft.windows.common-controls_6595b64144ccf1df_6.0.22621.5547_none_27104afb73855772;C:\Users\Asus\.gradle\jdks\eclipse_adoptium-21-amd64-windows.2\bin\server

VM Arguments:
java_command: org.jetbrains.kotlin.cli.jvm.K2JVMCompiler @C:\Users\Asus\AndroidStudioProjects\SmartFit\app\build\20260330_13620384091034810046.compiler.options
java_class_path (initial): C:\Users\Asus\.gradle\caches\modules-2\files-2.1\org.jetbrains.kotlin\kotlin-compiler-embeddable\2.2.10\6882d39ef03b18879c1a5d2a83c2212361bed5fe\kotlin-compiler-embeddable-2.2.10.jar;C:\Users\Asus\.gradle\caches\modules-2\files-2.1\org.jetbrains.kotlin\kotlin-stdlib\2.2.10\30de6faa127a4a012db8e71bf1b9c0a99b1402b2\kotlin-stdlib-2.2.10.jar;C:\Users\Asus\.gradle\caches\modules-2\files-2.1\org.jetbrains.kotlin\kotlin-script-runtime\2.2.10\712f9bc08f378c13a4a00f0bbb28c76e59183e83\kotlin-script-runtime-2.2.10.jar;C:\Users\Asus\.gradle\caches\modules-2\files-2.1\org.jetbrains.kotlin\kotlin-reflect\1.6.10\1cbe9c92c12a94eea200d23c2bbaedaf3daf5132\kotlin-reflect-1.6.10.jar;C:\Users\Asus\.gradle\caches\modules-2\files-2.1\org.jetbrains.kotlin\kotlin-daemon-embeddable\2.2.10\212fd3c2c6e4e5d0f4db3c4191233e2b622380cc\kotlin-daemon-embeddable-2.2.10.jar;C:\Users\Asus\.gradle\caches\modules-2\files-2.1\org.jetbrains.kotlinx\kotlinx-coroutines-core-jvm\1.8.0\ac1dc37a30a93150b704022f8d895ee1bd3a36b3\kotlinx-coroutines-core-jvm-1.8.0.jar;C:\Users\Asus\.gradle\caches\modules-2\files-2.1\org.jetbrains\annotations\13.0\919f0dfe192fb4e063e7dacadee7f8bb9a2672a9\annotations-13.0.jar
Launcher Type: SUN_STANDARD

[Global flags]
     intx CICompilerCount                          = 4                                         {product} {ergonomic}
     uint ConcGCThreads                            = 2                                         {product} {ergonomic}
     uint G1ConcRefinementThreads                  = 8                                         {product} {ergonomic}
   size_t G1HeapRegionSize                         = 1048576                                   {product} {ergonomic}
    uintx GCDrainStackTargetSize                   = 64                                        {product} {ergonomic}
   size_t InitialHeapSize                          = 123731968                                 {product} {ergonomic}
   size_t MarkStackSize                            = 4194304                                   {product} {ergonomic}
   size_t MaxHeapSize                              = 1954545664                                {product} {ergonomic}
   size_t MaxNewSize                               = 1172307968                                {product} {ergonomic}
   size_t MinHeapDeltaBytes                        = 1048576                                   {product} {ergonomic}
   size_t MinHeapSize                              = 8388608                                   {product} {ergonomic}
    uintx NonNMethodCodeHeapSize                   = 5839372                                {pd product} {ergonomic}
    uintx NonProfiledCodeHeapSize                  = 122909434                              {pd product} {ergonomic}
    uintx ProfiledCodeHeapSize                     = 122909434                              {pd product} {ergonomic}
    uintx ReservedCodeCacheSize                    = 251658240                              {pd product} {ergonomic}
     bool SegmentedCodeCache                       = true                                      {product} {ergonomic}
   size_t SoftMaxHeapSize                          = 1954545664                             {manageable} {ergonomic}
     bool UseCompressedOops                        = true                           {product lp64_product} {ergonomic}
     bool UseG1GC                                  = true                                      {product} {ergonomic}
     bool UseLargePagesIndividualAllocation        = false                                  {pd product} {ergonomic}

Logging:
Log output configuration:
 #0: stdout all=warning uptime,level,tags foldmultilines=false
 #1: stderr all=off uptime,level,tags foldmultilines=false

Environment Variables:
PATH=C:\Users\Asus\AppData\Local\Programs\Microsoft VS Code;C:\Program Files\Eclipse Adoptium\jdk-25.0.1.8-hotspot\bin;C:\Program Files\Common Files\Oracle\Java\javapath;C:\Users\Asus\Downloads\WINDOWS.X64_193000_db_home\bin;C:\Windows\system32;C:\Windows;C:\Windows\System32\Wbem;C:\Windows\System32\WindowsPowerShell\v1.0\;C:\Windows\System32\OpenSSH\;C:\Program Files (x86)\QuickTime\QTSystem\;C:\Program Files\Amazon\AWSCLIV2\;C:\Program Files\Git\cmd;C:\Program Files\nodejs\;C:\xampp\php;C:\Users\Asus\AppData\Local\Microsoft\WindowsApps;C:\Users\Asus\AppData\Local\Programs\Microsoft VS Code\bin;C:\Program Files (x86)\Nmap;C:\Program Files\JetBrains\IntelliJ IDEA 2024.1.4\bin;;C:\Users\Asus\Downloads;C:\Users\Asus\Downloads\pscp.exe;C:\Users\Asus\AppData\Roaming\npm;C:\Users\Asus\AppData\Local\Programs\cursor\resources\app\bin
USERNAME=Asus
LANG=en_US.UTF-8
LC_ALL=en_US.UTF-8
OS=Windows_NT
PROCESSOR_IDENTIFIER=AMD64 Family 23 Model 160 Stepping 0, AuthenticAMD
TMP=C:\Users\Asus\AppData\Local\Temp
TEMP=C:\Users\Asus\AppData\Local\Temp




Periodic native trim disabled

---------------  S Y S T E M  ---------------

OS:
 Windows 11 , 64 bit Build 22621 (10.0.22621.5415)
OS uptime: 5 days 9:49 hours

CPU: total 8 (initial active 8) (8 cores per cpu, 2 threads per core) family 23 model 160 stepping 0 microcode 0x0, cx8, cmov, fxsr, ht, mmx, 3dnowpref, sse, sse2, sse3, ssse3, sse4a, sse4.1, sse4.2, popcnt, lzcnt, tsc, tscinvbit, avx, avx2, aes, clmul, bmi1, bmi2, adx, sha, fma, vzeroupper, clflush, clflushopt, rdtscp, rdpid, f16c
Processor Information for processor 0
  Max Mhz: 2801, Current Mhz: 2801, Mhz Limit: 2801
Processor Information for processor 1
  Max Mhz: 2801, Current Mhz: 2801, Mhz Limit: 2801
Processor Information for processor 2
  Max Mhz: 2801, Current Mhz: 2801, Mhz Limit: 2801
Processor Information for processor 3
  Max Mhz: 2801, Current Mhz: 2246, Mhz Limit: 2801
Processor Information for processor 4
  Max Mhz: 2801, Current Mhz: 2246, Mhz Limit: 2801
Processor Information for processor 5
  Max Mhz: 2801, Current Mhz: 2246, Mhz Limit: 2801
Processor Information for processor 6
  Max Mhz: 2801, Current Mhz: 2246, Mhz Limit: 2801
Processor Information for processor 7
  Max Mhz: 2801, Current Mhz: 2801, Mhz Limit: 2801

Memory: 4k page, system-wide physical 7455M (1030M free)
TotalPageFile size 29983M (AvailPageFile size 3M)
current process WorkingSet (physical memory assigned to process): 566M, peak: 566M
current process commit charge ("private bytes"): 694M, peak: 726M

vm_info: OpenJDK 64-Bit Server VM (21.0.7+6-LTS) for windows-amd64 JRE (21.0.7+6-LTS), built on 2025-04-15T00:00:00Z by "admin" with MS VC++ 17.7 (VS2022)

END.
